{"E:\\BYU\\CSE341\\Final Project\\reservations-api\\controllers\\authController.js": {"path":"E:\\BYU\\CSE341\\Final Project\\reservations-api\\controllers\\authController.js","statementMap":{"0":{"start":{"line":1,"column":13},"end":{"line":1,"column":38}},"1":{"start":{"line":2,"column":26},"end":{"line":2,"column":58}},"2":{"start":{"line":6,"column":17},"end":{"line":46,"column":1}},"3":{"start":{"line":7,"column":2},"end":{"line":45,"column":3}},"4":{"start":{"line":8,"column":55},"end":{"line":8,"column":63}},"5":{"start":{"line":11,"column":25},"end":{"line":11,"column":75}},"6":{"start":{"line":12,"column":4},"end":{"line":17,"column":5}},"7":{"start":{"line":13,"column":6},"end":{"line":16,"column":9}},"8":{"start":{"line":19,"column":17},"end":{"line":25,"column":6}},"9":{"start":{"line":27,"column":22},"end":{"line":27,"column":39}},"10":{"start":{"line":30,"column":18},"end":{"line":30,"column":42}},"11":{"start":{"line":32,"column":4},"end":{"line":42,"column":7}},"12":{"start":{"line":44,"column":4},"end":{"line":44,"column":16}},"13":{"start":{"line":50,"column":14},"end":{"line":96,"column":1}},"14":{"start":{"line":51,"column":2},"end":{"line":95,"column":3}},"15":{"start":{"line":52,"column":36},"end":{"line":52,"column":44}},"16":{"start":{"line":54,"column":4},"end":{"line":59,"column":5}},"17":{"start":{"line":55,"column":6},"end":{"line":58,"column":9}},"18":{"start":{"line":61,"column":17},"end":{"line":61,"column":91}},"19":{"start":{"line":63,"column":4},"end":{"line":68,"column":5}},"20":{"start":{"line":64,"column":6},"end":{"line":67,"column":9}},"21":{"start":{"line":70,"column":20},"end":{"line":70,"column":60}},"22":{"start":{"line":72,"column":4},"end":{"line":77,"column":5}},"23":{"start":{"line":73,"column":6},"end":{"line":76,"column":9}},"24":{"start":{"line":80,"column":18},"end":{"line":80,"column":37}},"25":{"start":{"line":82,"column":4},"end":{"line":92,"column":7}},"26":{"start":{"line":94,"column":4},"end":{"line":94,"column":16}},"27":{"start":{"line":100,"column":14},"end":{"line":110,"column":1}},"28":{"start":{"line":101,"column":2},"end":{"line":109,"column":3}},"29":{"start":{"line":103,"column":4},"end":{"line":106,"column":7}},"30":{"start":{"line":108,"column":4},"end":{"line":108,"column":16}},"31":{"start":{"line":112,"column":0},"end":{"line":116,"column":2}}},"fnMap":{"0":{"name":"(anonymous_0)","decl":{"start":{"line":6,"column":17},"end":{"line":6,"column":18}},"loc":{"start":{"line":6,"column":43},"end":{"line":46,"column":1}},"line":6},"1":{"name":"(anonymous_1)","decl":{"start":{"line":50,"column":14},"end":{"line":50,"column":15}},"loc":{"start":{"line":50,"column":40},"end":{"line":96,"column":1}},"line":50},"2":{"name":"(anonymous_2)","decl":{"start":{"line":100,"column":14},"end":{"line":100,"column":15}},"loc":{"start":{"line":100,"column":40},"end":{"line":110,"column":1}},"line":100}},"branchMap":{"0":{"loc":{"start":{"line":12,"column":4},"end":{"line":17,"column":5}},"type":"if","locations":[{"start":{"line":12,"column":4},"end":{"line":17,"column":5}},{"start":{},"end":{}}],"line":12},"1":{"loc":{"start":{"line":23,"column":13},"end":{"line":23,"column":45}},"type":"cond-expr","locations":[{"start":{"line":23,"column":21},"end":{"line":23,"column":33}},{"start":{"line":23,"column":36},"end":{"line":23,"column":45}}],"line":23},"2":{"loc":{"start":{"line":24,"column":12},"end":{"line":24,"column":26}},"type":"binary-expr","locations":[{"start":{"line":24,"column":12},"end":{"line":24,"column":16}},{"start":{"line":24,"column":20},"end":{"line":24,"column":26}}],"line":24},"3":{"loc":{"start":{"line":54,"column":4},"end":{"line":59,"column":5}},"type":"if","locations":[{"start":{"line":54,"column":4},"end":{"line":59,"column":5}},{"start":{},"end":{}}],"line":54},"4":{"loc":{"start":{"line":54,"column":8},"end":{"line":54,"column":31}},"type":"binary-expr","locations":[{"start":{"line":54,"column":8},"end":{"line":54,"column":14}},{"start":{"line":54,"column":18},"end":{"line":54,"column":31}}],"line":54},"5":{"loc":{"start":{"line":63,"column":4},"end":{"line":68,"column":5}},"type":"if","locations":[{"start":{"line":63,"column":4},"end":{"line":68,"column":5}},{"start":{},"end":{}}],"line":63},"6":{"loc":{"start":{"line":72,"column":4},"end":{"line":77,"column":5}},"type":"if","locations":[{"start":{"line":72,"column":4},"end":{"line":77,"column":5}},{"start":{},"end":{}}],"line":72}},"s":{"0":0,"1":0,"2":0,"3":0,"4":0,"5":0,"6":0,"7":0,"8":0,"9":0,"10":0,"11":0,"12":0,"13":0,"14":0,"15":0,"16":0,"17":0,"18":0,"19":0,"20":0,"21":0,"22":0,"23":0,"24":0,"25":0,"26":0,"27":0,"28":0,"29":0,"30":0,"31":0},"f":{"0":0,"1":0,"2":0},"b":{"0":[0,0],"1":[0,0],"2":[0,0],"3":[0,0],"4":[0,0],"5":[0,0],"6":[0,0]},"inputSourceMap":null}
,"E:\\BYU\\CSE341\\Final Project\\reservations-api\\controllers\\propertiesController.js": {"path":"E:\\BYU\\CSE341\\Final Project\\reservations-api\\controllers\\propertiesController.js","statementMap":{"0":{"start":{"line":1,"column":17},"end":{"line":1,"column":46}},"1":{"start":{"line":5,"column":25},"end":{"line":115,"column":1}},"2":{"start":{"line":6,"column":2},"end":{"line":114,"column":3}},"3":{"start":{"line":7,"column":17},"end":{"line":7,"column":46}},"4":{"start":{"line":8,"column":18},"end":{"line":8,"column":49}},"5":{"start":{"line":9,"column":17},"end":{"line":9,"column":35}},"6":{"start":{"line":11,"column":63},"end":{"line":11,"column":72}},"7":{"start":{"line":14,"column":17},"end":{"line":14,"column":35}},"8":{"start":{"line":16,"column":4},"end":{"line":16,"column":61}},"9":{"start":{"line":16,"column":14},"end":{"line":16,"column":61}},"10":{"start":{"line":17,"column":4},"end":{"line":17,"column":70}},"11":{"start":{"line":17,"column":17},"end":{"line":17,"column":70}},"12":{"start":{"line":20,"column":4},"end":{"line":22,"column":5}},"13":{"start":{"line":21,"column":6},"end":{"line":21,"column":65}},"14":{"start":{"line":25,"column":22},"end":{"line":25,"column":24}},"15":{"start":{"line":26,"column":4},"end":{"line":33,"column":5}},"16":{"start":{"line":27,"column":6},"end":{"line":32,"column":8}},"17":{"start":{"line":36,"column":32},"end":{"line":78,"column":5}},"18":{"start":{"line":81,"column":22},"end":{"line":81,"column":35}},"19":{"start":{"line":82,"column":4},"end":{"line":96,"column":5}},"20":{"start":{"line":84,"column":28},"end":{"line":90,"column":7}},"21":{"start":{"line":92,"column":26},"end":{"line":92,"column":65}},"22":{"start":{"line":93,"column":18},"end":{"line":93,"column":59}},"23":{"start":{"line":95,"column":18},"end":{"line":95,"column":55}},"24":{"start":{"line":98,"column":23},"end":{"line":98,"column":68}},"25":{"start":{"line":100,"column":4},"end":{"line":109,"column":7}},"26":{"start":{"line":112,"column":4},"end":{"line":112,"column":54}},"27":{"start":{"line":113,"column":4},"end":{"line":113,"column":16}},"28":{"start":{"line":117,"column":24},"end":{"line":133,"column":1}},"29":{"start":{"line":118,"column":2},"end":{"line":132,"column":3}},"30":{"start":{"line":119,"column":21},"end":{"line":120,"column":40}},"31":{"start":{"line":122,"column":4},"end":{"line":123,"column":85}},"32":{"start":{"line":123,"column":6},"end":{"line":123,"column":85}},"33":{"start":{"line":125,"column":4},"end":{"line":126,"column":89}},"34":{"start":{"line":126,"column":6},"end":{"line":126,"column":89}},"35":{"start":{"line":128,"column":4},"end":{"line":128,"column":48}},"36":{"start":{"line":131,"column":4},"end":{"line":131,"column":16}},"37":{"start":{"line":135,"column":23},"end":{"line":151,"column":1}},"38":{"start":{"line":136,"column":2},"end":{"line":150,"column":3}},"39":{"start":{"line":137,"column":21},"end":{"line":137,"column":43}},"40":{"start":{"line":138,"column":18},"end":{"line":138,"column":39}},"41":{"start":{"line":140,"column":4},"end":{"line":140,"column":50}},"42":{"start":{"line":142,"column":4},"end":{"line":146,"column":7}},"43":{"start":{"line":149,"column":4},"end":{"line":149,"column":16}},"44":{"start":{"line":153,"column":23},"end":{"line":173,"column":1}},"45":{"start":{"line":154,"column":2},"end":{"line":172,"column":3}},"46":{"start":{"line":155,"column":20},"end":{"line":159,"column":39}},"47":{"start":{"line":161,"column":4},"end":{"line":162,"column":85}},"48":{"start":{"line":162,"column":6},"end":{"line":162,"column":85}},"49":{"start":{"line":164,"column":4},"end":{"line":168,"column":7}},"50":{"start":{"line":171,"column":4},"end":{"line":171,"column":16}},"51":{"start":{"line":175,"column":23},"end":{"line":199,"column":1}},"52":{"start":{"line":176,"column":2},"end":{"line":198,"column":3}},"53":{"start":{"line":177,"column":21},"end":{"line":181,"column":5}},"54":{"start":{"line":183,"column":4},"end":{"line":184,"column":85}},"55":{"start":{"line":184,"column":6},"end":{"line":184,"column":85}},"56":{"start":{"line":186,"column":4},"end":{"line":194,"column":7}},"57":{"start":{"line":197,"column":4},"end":{"line":197,"column":16}},"58":{"start":{"line":201,"column":0},"end":{"line":207,"column":2}}},"fnMap":{"0":{"name":"(anonymous_0)","decl":{"start":{"line":5,"column":25},"end":{"line":5,"column":26}},"loc":{"start":{"line":5,"column":51},"end":{"line":115,"column":1}},"line":5},"1":{"name":"(anonymous_1)","decl":{"start":{"line":117,"column":24},"end":{"line":117,"column":25}},"loc":{"start":{"line":117,"column":50},"end":{"line":133,"column":1}},"line":117},"2":{"name":"(anonymous_2)","decl":{"start":{"line":135,"column":23},"end":{"line":135,"column":24}},"loc":{"start":{"line":135,"column":49},"end":{"line":151,"column":1}},"line":135},"3":{"name":"(anonymous_3)","decl":{"start":{"line":153,"column":23},"end":{"line":153,"column":24}},"loc":{"start":{"line":153,"column":49},"end":{"line":173,"column":1}},"line":153},"4":{"name":"(anonymous_4)","decl":{"start":{"line":175,"column":23},"end":{"line":175,"column":24}},"loc":{"start":{"line":175,"column":49},"end":{"line":199,"column":1}},"line":175}},"branchMap":{"0":{"loc":{"start":{"line":7,"column":17},"end":{"line":7,"column":46}},"type":"binary-expr","locations":[{"start":{"line":7,"column":17},"end":{"line":7,"column":41}},{"start":{"line":7,"column":45},"end":{"line":7,"column":46}}],"line":7},"1":{"loc":{"start":{"line":8,"column":18},"end":{"line":8,"column":49}},"type":"binary-expr","locations":[{"start":{"line":8,"column":18},"end":{"line":8,"column":43}},{"start":{"line":8,"column":47},"end":{"line":8,"column":49}}],"line":8},"2":{"loc":{"start":{"line":16,"column":4},"end":{"line":16,"column":61}},"type":"if","locations":[{"start":{"line":16,"column":4},"end":{"line":16,"column":61}},{"start":{},"end":{}}],"line":16},"3":{"loc":{"start":{"line":17,"column":4},"end":{"line":17,"column":70}},"type":"if","locations":[{"start":{"line":17,"column":4},"end":{"line":17,"column":70}},{"start":{},"end":{}}],"line":17},"4":{"loc":{"start":{"line":20,"column":4},"end":{"line":22,"column":5}},"type":"if","locations":[{"start":{"line":20,"column":4},"end":{"line":22,"column":5}},{"start":{},"end":{}}],"line":20},"5":{"loc":{"start":{"line":26,"column":4},"end":{"line":33,"column":5}},"type":"if","locations":[{"start":{"line":26,"column":4},"end":{"line":33,"column":5}},{"start":{},"end":{}}],"line":26},"6":{"loc":{"start":{"line":26,"column":8},"end":{"line":26,"column":28}},"type":"binary-expr","locations":[{"start":{"line":26,"column":8},"end":{"line":26,"column":16}},{"start":{"line":26,"column":20},"end":{"line":26,"column":28}}],"line":26},"7":{"loc":{"start":{"line":29,"column":14},"end":{"line":29,"column":56}},"type":"binary-expr","locations":[{"start":{"line":29,"column":14},"end":{"line":29,"column":22}},{"start":{"line":29,"column":26},"end":{"line":29,"column":56}}],"line":29},"8":{"loc":{"start":{"line":30,"column":14},"end":{"line":30,"column":56}},"type":"binary-expr","locations":[{"start":{"line":30,"column":14},"end":{"line":30,"column":22}},{"start":{"line":30,"column":26},"end":{"line":30,"column":56}}],"line":30},"9":{"loc":{"start":{"line":40,"column":10},"end":{"line":57,"column":12}},"type":"cond-expr","locations":[{"start":{"line":40,"column":48},"end":{"line":57,"column":7}},{"start":{"line":57,"column":10},"end":{"line":57,"column":12}}],"line":40},"10":{"loc":{"start":{"line":82,"column":4},"end":{"line":96,"column":5}},"type":"if","locations":[{"start":{"line":82,"column":4},"end":{"line":96,"column":5}},{"start":{"line":94,"column":11},"end":{"line":96,"column":5}}],"line":82},"11":{"loc":{"start":{"line":93,"column":18},"end":{"line":93,"column":59}},"type":"cond-expr","locations":[{"start":{"line":93,"column":35},"end":{"line":93,"column":55}},{"start":{"line":93,"column":58},"end":{"line":93,"column":59}}],"line":93},"12":{"loc":{"start":{"line":122,"column":4},"end":{"line":123,"column":85}},"type":"if","locations":[{"start":{"line":122,"column":4},"end":{"line":123,"column":85}},{"start":{},"end":{}}],"line":122},"13":{"loc":{"start":{"line":125,"column":4},"end":{"line":126,"column":89}},"type":"if","locations":[{"start":{"line":125,"column":4},"end":{"line":126,"column":89}},{"start":{},"end":{}}],"line":125},"14":{"loc":{"start":{"line":161,"column":4},"end":{"line":162,"column":85}},"type":"if","locations":[{"start":{"line":161,"column":4},"end":{"line":162,"column":85}},{"start":{},"end":{}}],"line":161},"15":{"loc":{"start":{"line":183,"column":4},"end":{"line":184,"column":85}},"type":"if","locations":[{"start":{"line":183,"column":4},"end":{"line":184,"column":85}},{"start":{},"end":{}}],"line":183}},"s":{"0":0,"1":0,"2":0,"3":0,"4":0,"5":0,"6":0,"7":0,"8":0,"9":0,"10":0,"11":0,"12":0,"13":0,"14":0,"15":0,"16":0,"17":0,"18":0,"19":0,"20":0,"21":0,"22":0,"23":0,"24":0,"25":0,"26":0,"27":0,"28":0,"29":0,"30":0,"31":0,"32":0,"33":0,"34":0,"35":0,"36":0,"37":0,"38":0,"39":0,"40":0,"41":0,"42":0,"43":0,"44":0,"45":0,"46":0,"47":0,"48":0,"49":0,"50":0,"51":0,"52":0,"53":0,"54":0,"55":0,"56":0,"57":0,"58":0},"f":{"0":0,"1":0,"2":0,"3":0,"4":0},"b":{"0":[0,0],"1":[0,0],"2":[0,0],"3":[0,0],"4":[0,0],"5":[0,0],"6":[0,0],"7":[0,0],"8":[0,0],"9":[0,0],"10":[0,0],"11":[0,0],"12":[0,0],"13":[0,0],"14":[0,0],"15":[0,0]},"inputSourceMap":null}
,"E:\\BYU\\CSE341\\Final Project\\reservations-api\\controllers\\reservationsController.js": {"path":"E:\\BYU\\CSE341\\Final Project\\reservations-api\\controllers\\reservationsController.js","statementMap":{"0":{"start":{"line":1,"column":20},"end":{"line":1,"column":52}},"1":{"start":{"line":2,"column":17},"end":{"line":2,"column":46}},"2":{"start":{"line":5,"column":27},"end":{"line":63,"column":1}},"3":{"start":{"line":6,"column":2},"end":{"line":62,"column":3}},"4":{"start":{"line":7,"column":17},"end":{"line":7,"column":46}},"5":{"start":{"line":8,"column":18},"end":{"line":8,"column":49}},"6":{"start":{"line":9,"column":17},"end":{"line":9,"column":35}},"7":{"start":{"line":10,"column":63},"end":{"line":10,"column":72}},"8":{"start":{"line":13,"column":17},"end":{"line":13,"column":19}},"9":{"start":{"line":16,"column":4},"end":{"line":23,"column":5}},"10":{"start":{"line":17,"column":6},"end":{"line":17,"column":35}},"11":{"start":{"line":20,"column":6},"end":{"line":22,"column":7}},"12":{"start":{"line":21,"column":8},"end":{"line":21,"column":31}},"13":{"start":{"line":26,"column":4},"end":{"line":26,"column":51}},"14":{"start":{"line":26,"column":20},"end":{"line":26,"column":51}},"15":{"start":{"line":27,"column":4},"end":{"line":27,"column":39}},"16":{"start":{"line":27,"column":16},"end":{"line":27,"column":39}},"17":{"start":{"line":29,"column":4},"end":{"line":31,"column":5}},"18":{"start":{"line":30,"column":6},"end":{"line":30,"column":55}},"19":{"start":{"line":33,"column":4},"end":{"line":35,"column":5}},"20":{"start":{"line":34,"column":6},"end":{"line":34,"column":51}},"21":{"start":{"line":38,"column":25},"end":{"line":43,"column":19}},"22":{"start":{"line":45,"column":18},"end":{"line":45,"column":58}},"23":{"start":{"line":47,"column":4},"end":{"line":59,"column":7}},"24":{"start":{"line":55,"column":45},"end":{"line":58,"column":7}},"25":{"start":{"line":61,"column":4},"end":{"line":61,"column":16}},"26":{"start":{"line":66,"column":27},"end":{"line":99,"column":1}},"27":{"start":{"line":67,"column":2},"end":{"line":98,"column":3}},"28":{"start":{"line":68,"column":24},"end":{"line":70,"column":51}},"29":{"start":{"line":72,"column":4},"end":{"line":77,"column":5}},"30":{"start":{"line":73,"column":6},"end":{"line":76,"column":9}},"31":{"start":{"line":80,"column":4},"end":{"line":86,"column":5}},"32":{"start":{"line":82,"column":6},"end":{"line":85,"column":9}},"33":{"start":{"line":88,"column":4},"end":{"line":95,"column":7}},"34":{"start":{"line":97,"column":4},"end":{"line":97,"column":16}},"35":{"start":{"line":102,"column":26},"end":{"line":247,"column":1}},"36":{"start":{"line":103,"column":2},"end":{"line":246,"column":3}},"37":{"start":{"line":105,"column":4},"end":{"line":110,"column":5}},"38":{"start":{"line":106,"column":6},"end":{"line":109,"column":9}},"39":{"start":{"line":113,"column":28},"end":{"line":117,"column":5}},"40":{"start":{"line":120,"column":22},"end":{"line":120,"column":57}},"41":{"start":{"line":121,"column":20},"end":{"line":121,"column":53}},"42":{"start":{"line":123,"column":4},"end":{"line":128,"column":5}},"43":{"start":{"line":124,"column":6},"end":{"line":127,"column":9}},"44":{"start":{"line":130,"column":4},"end":{"line":135,"column":5}},"45":{"start":{"line":131,"column":6},"end":{"line":134,"column":9}},"46":{"start":{"line":138,"column":21},"end":{"line":141,"column":6}},"47":{"start":{"line":143,"column":4},"end":{"line":148,"column":5}},"48":{"start":{"line":144,"column":6},"end":{"line":147,"column":9}},"49":{"start":{"line":151,"column":17},"end":{"line":151,"column":78}},"50":{"start":{"line":151,"column":42},"end":{"line":151,"column":77}},"51":{"start":{"line":152,"column":4},"end":{"line":157,"column":5}},"52":{"start":{"line":153,"column":6},"end":{"line":156,"column":9}},"53":{"start":{"line":160,"column":4},"end":{"line":165,"column":5}},"54":{"start":{"line":161,"column":6},"end":{"line":164,"column":9}},"55":{"start":{"line":168,"column":4},"end":{"line":173,"column":5}},"56":{"start":{"line":169,"column":6},"end":{"line":172,"column":9}},"57":{"start":{"line":176,"column":35},"end":{"line":194,"column":6}},"58":{"start":{"line":196,"column":4},"end":{"line":205,"column":5}},"59":{"start":{"line":197,"column":6},"end":{"line":204,"column":9}},"60":{"start":{"line":208,"column":23},"end":{"line":208,"column":42}},"61":{"start":{"line":209,"column":25},"end":{"line":209,"column":70}},"62":{"start":{"line":212,"column":27},"end":{"line":212,"column":60}},"63":{"start":{"line":213,"column":27},"end":{"line":213,"column":54}},"64":{"start":{"line":216,"column":4},"end":{"line":221,"column":5}},"65":{"start":{"line":217,"column":6},"end":{"line":220,"column":9}},"66":{"start":{"line":224,"column":24},"end":{"line":224,"column":56}},"67":{"start":{"line":225,"column":29},"end":{"line":225,"column":53}},"68":{"start":{"line":228,"column":4},"end":{"line":228,"column":60}},"69":{"start":{"line":229,"column":4},"end":{"line":229,"column":87}},"70":{"start":{"line":231,"column":4},"end":{"line":243,"column":7}},"71":{"start":{"line":245,"column":4},"end":{"line":245,"column":16}},"72":{"start":{"line":250,"column":26},"end":{"line":371,"column":1}},"73":{"start":{"line":251,"column":2},"end":{"line":370,"column":3}},"74":{"start":{"line":253,"column":24},"end":{"line":254,"column":38}},"75":{"start":{"line":256,"column":4},"end":{"line":261,"column":5}},"76":{"start":{"line":257,"column":6},"end":{"line":260,"column":9}},"77":{"start":{"line":264,"column":4},"end":{"line":270,"column":5}},"78":{"start":{"line":266,"column":6},"end":{"line":269,"column":9}},"79":{"start":{"line":273,"column":20},"end":{"line":273,"column":35}},"80":{"start":{"line":276,"column":4},"end":{"line":352,"column":5}},"81":{"start":{"line":282,"column":29},"end":{"line":282,"column":31}},"82":{"start":{"line":284,"column":6},"end":{"line":286,"column":7}},"83":{"start":{"line":285,"column":8},"end":{"line":285,"column":65}},"84":{"start":{"line":288,"column":6},"end":{"line":290,"column":7}},"85":{"start":{"line":289,"column":8},"end":{"line":289,"column":44}},"86":{"start":{"line":292,"column":6},"end":{"line":305,"column":7}},"87":{"start":{"line":294,"column":25},"end":{"line":294,"column":72}},"88":{"start":{"line":295,"column":21},"end":{"line":295,"column":78}},"89":{"start":{"line":295,"column":46},"end":{"line":295,"column":77}},"90":{"start":{"line":297,"column":8},"end":{"line":302,"column":9}},"91":{"start":{"line":298,"column":10},"end":{"line":301,"column":13}},"92":{"start":{"line":304,"column":8},"end":{"line":304,"column":53}},"93":{"start":{"line":308,"column":6},"end":{"line":312,"column":9}},"94":{"start":{"line":309,"column":8},"end":{"line":311,"column":9}},"95":{"start":{"line":310,"column":10},"end":{"line":310,"column":30}},"96":{"start":{"line":315,"column":6},"end":{"line":315,"column":28}},"97":{"start":{"line":316,"column":6},"end":{"line":316,"column":32}},"98":{"start":{"line":317,"column":6},"end":{"line":317,"column":28}},"99":{"start":{"line":320,"column":6},"end":{"line":351,"column":7}},"100":{"start":{"line":321,"column":29},"end":{"line":321,"column":100}},"101":{"start":{"line":322,"column":27},"end":{"line":322,"column":92}},"102":{"start":{"line":324,"column":8},"end":{"line":329,"column":9}},"103":{"start":{"line":325,"column":10},"end":{"line":328,"column":13}},"104":{"start":{"line":332,"column":39},"end":{"line":343,"column":10}},"105":{"start":{"line":345,"column":8},"end":{"line":350,"column":9}},"106":{"start":{"line":346,"column":10},"end":{"line":349,"column":13}},"107":{"start":{"line":355,"column":31},"end":{"line":361,"column":48}},"108":{"start":{"line":363,"column":4},"end":{"line":367,"column":7}},"109":{"start":{"line":369,"column":4},"end":{"line":369,"column":16}},"110":{"start":{"line":374,"column":26},"end":{"line":430,"column":1}},"111":{"start":{"line":375,"column":2},"end":{"line":429,"column":3}},"112":{"start":{"line":376,"column":24},"end":{"line":376,"column":65}},"113":{"start":{"line":378,"column":4},"end":{"line":383,"column":5}},"114":{"start":{"line":379,"column":6},"end":{"line":382,"column":9}},"115":{"start":{"line":386,"column":4},"end":{"line":392,"column":5}},"116":{"start":{"line":388,"column":6},"end":{"line":391,"column":9}},"117":{"start":{"line":395,"column":4},"end":{"line":411,"column":5}},"118":{"start":{"line":397,"column":6},"end":{"line":402,"column":7}},"119":{"start":{"line":398,"column":8},"end":{"line":401,"column":11}},"120":{"start":{"line":405,"column":6},"end":{"line":410,"column":7}},"121":{"start":{"line":406,"column":8},"end":{"line":409,"column":11}},"122":{"start":{"line":413,"column":4},"end":{"line":413,"column":55}},"123":{"start":{"line":415,"column":4},"end":{"line":426,"column":7}},"124":{"start":{"line":428,"column":4},"end":{"line":428,"column":16}},"125":{"start":{"line":433,"column":26},"end":{"line":481,"column":1}},"126":{"start":{"line":434,"column":2},"end":{"line":480,"column":3}},"127":{"start":{"line":435,"column":17},"end":{"line":435,"column":46}},"128":{"start":{"line":436,"column":18},"end":{"line":436,"column":49}},"129":{"start":{"line":437,"column":17},"end":{"line":437,"column":35}},"130":{"start":{"line":438,"column":23},"end":{"line":438,"column":32}},"131":{"start":{"line":440,"column":17},"end":{"line":440,"column":41}},"132":{"start":{"line":441,"column":4},"end":{"line":441,"column":39}},"133":{"start":{"line":441,"column":16},"end":{"line":441,"column":39}},"134":{"start":{"line":443,"column":25},"end":{"line":447,"column":19}},"135":{"start":{"line":449,"column":18},"end":{"line":449,"column":58}},"136":{"start":{"line":452,"column":25},"end":{"line":455,"column":6}},"137":{"start":{"line":457,"column":4},"end":{"line":477,"column":7}},"138":{"start":{"line":468,"column":10},"end":{"line":468,"column":37}},"139":{"start":{"line":469,"column":10},"end":{"line":469,"column":21}},"140":{"start":{"line":472,"column":45},"end":{"line":476,"column":7}},"141":{"start":{"line":479,"column":4},"end":{"line":479,"column":16}},"142":{"start":{"line":484,"column":32},"end":{"line":545,"column":1}},"143":{"start":{"line":485,"column":2},"end":{"line":544,"column":3}},"144":{"start":{"line":486,"column":23},"end":{"line":486,"column":31}},"145":{"start":{"line":487,"column":26},"end":{"line":487,"column":76}},"146":{"start":{"line":489,"column":4},"end":{"line":494,"column":5}},"147":{"start":{"line":490,"column":6},"end":{"line":493,"column":9}},"148":{"start":{"line":496,"column":24},"end":{"line":496,"column":65}},"149":{"start":{"line":498,"column":4},"end":{"line":503,"column":5}},"150":{"start":{"line":499,"column":6},"end":{"line":502,"column":9}},"151":{"start":{"line":506,"column":4},"end":{"line":529,"column":5}},"152":{"start":{"line":507,"column":6},"end":{"line":512,"column":7}},"153":{"start":{"line":508,"column":8},"end":{"line":511,"column":11}},"154":{"start":{"line":515,"column":6},"end":{"line":520,"column":7}},"155":{"start":{"line":516,"column":8},"end":{"line":519,"column":11}},"156":{"start":{"line":523,"column":6},"end":{"line":528,"column":7}},"157":{"start":{"line":524,"column":8},"end":{"line":527,"column":11}},"158":{"start":{"line":531,"column":31},"end":{"line":535,"column":38}},"159":{"start":{"line":537,"column":4},"end":{"line":541,"column":7}},"160":{"start":{"line":543,"column":4},"end":{"line":543,"column":16}},"161":{"start":{"line":547,"column":0},"end":{"line":555,"column":2}}},"fnMap":{"0":{"name":"(anonymous_0)","decl":{"start":{"line":5,"column":27},"end":{"line":5,"column":28}},"loc":{"start":{"line":5,"column":53},"end":{"line":63,"column":1}},"line":5},"1":{"name":"(anonymous_1)","decl":{"start":{"line":55,"column":29},"end":{"line":55,"column":30}},"loc":{"start":{"line":55,"column":45},"end":{"line":58,"column":7}},"line":55},"2":{"name":"(anonymous_2)","decl":{"start":{"line":66,"column":27},"end":{"line":66,"column":28}},"loc":{"start":{"line":66,"column":53},"end":{"line":99,"column":1}},"line":66},"3":{"name":"(anonymous_3)","decl":{"start":{"line":102,"column":26},"end":{"line":102,"column":27}},"loc":{"start":{"line":102,"column":52},"end":{"line":247,"column":1}},"line":102},"4":{"name":"(anonymous_4)","decl":{"start":{"line":151,"column":37},"end":{"line":151,"column":38}},"loc":{"start":{"line":151,"column":42},"end":{"line":151,"column":77}},"line":151},"5":{"name":"(anonymous_5)","decl":{"start":{"line":250,"column":26},"end":{"line":250,"column":27}},"loc":{"start":{"line":250,"column":52},"end":{"line":371,"column":1}},"line":250},"6":{"name":"(anonymous_6)","decl":{"start":{"line":295,"column":41},"end":{"line":295,"column":42}},"loc":{"start":{"line":295,"column":46},"end":{"line":295,"column":77}},"line":295},"7":{"name":"(anonymous_7)","decl":{"start":{"line":308,"column":35},"end":{"line":308,"column":36}},"loc":{"start":{"line":308,"column":42},"end":{"line":312,"column":7}},"line":308},"8":{"name":"(anonymous_8)","decl":{"start":{"line":374,"column":26},"end":{"line":374,"column":27}},"loc":{"start":{"line":374,"column":52},"end":{"line":430,"column":1}},"line":374},"9":{"name":"(anonymous_9)","decl":{"start":{"line":433,"column":26},"end":{"line":433,"column":27}},"loc":{"start":{"line":433,"column":52},"end":{"line":481,"column":1}},"line":433},"10":{"name":"(anonymous_10)","decl":{"start":{"line":467,"column":38},"end":{"line":467,"column":39}},"loc":{"start":{"line":467,"column":53},"end":{"line":470,"column":9}},"line":467},"11":{"name":"(anonymous_11)","decl":{"start":{"line":472,"column":29},"end":{"line":472,"column":30}},"loc":{"start":{"line":472,"column":45},"end":{"line":476,"column":7}},"line":472},"12":{"name":"(anonymous_12)","decl":{"start":{"line":484,"column":32},"end":{"line":484,"column":33}},"loc":{"start":{"line":484,"column":58},"end":{"line":545,"column":1}},"line":484}},"branchMap":{"0":{"loc":{"start":{"line":7,"column":17},"end":{"line":7,"column":46}},"type":"binary-expr","locations":[{"start":{"line":7,"column":17},"end":{"line":7,"column":41}},{"start":{"line":7,"column":45},"end":{"line":7,"column":46}}],"line":7},"1":{"loc":{"start":{"line":8,"column":18},"end":{"line":8,"column":49}},"type":"binary-expr","locations":[{"start":{"line":8,"column":18},"end":{"line":8,"column":43}},{"start":{"line":8,"column":47},"end":{"line":8,"column":49}}],"line":8},"2":{"loc":{"start":{"line":16,"column":4},"end":{"line":23,"column":5}},"type":"if","locations":[{"start":{"line":16,"column":4},"end":{"line":23,"column":5}},{"start":{"line":18,"column":11},"end":{"line":23,"column":5}}],"line":16},"3":{"loc":{"start":{"line":20,"column":6},"end":{"line":22,"column":7}},"type":"if","locations":[{"start":{"line":20,"column":6},"end":{"line":22,"column":7}},{"start":{},"end":{}}],"line":20},"4":{"loc":{"start":{"line":26,"column":4},"end":{"line":26,"column":51}},"type":"if","locations":[{"start":{"line":26,"column":4},"end":{"line":26,"column":51}},{"start":{},"end":{}}],"line":26},"5":{"loc":{"start":{"line":27,"column":4},"end":{"line":27,"column":39}},"type":"if","locations":[{"start":{"line":27,"column":4},"end":{"line":27,"column":39}},{"start":{},"end":{}}],"line":27},"6":{"loc":{"start":{"line":29,"column":4},"end":{"line":31,"column":5}},"type":"if","locations":[{"start":{"line":29,"column":4},"end":{"line":31,"column":5}},{"start":{},"end":{}}],"line":29},"7":{"loc":{"start":{"line":33,"column":4},"end":{"line":35,"column":5}},"type":"if","locations":[{"start":{"line":33,"column":4},"end":{"line":35,"column":5}},{"start":{},"end":{}}],"line":33},"8":{"loc":{"start":{"line":72,"column":4},"end":{"line":77,"column":5}},"type":"if","locations":[{"start":{"line":72,"column":4},"end":{"line":77,"column":5}},{"start":{},"end":{}}],"line":72},"9":{"loc":{"start":{"line":80,"column":4},"end":{"line":86,"column":5}},"type":"if","locations":[{"start":{"line":80,"column":4},"end":{"line":86,"column":5}},{"start":{},"end":{}}],"line":80},"10":{"loc":{"start":{"line":80,"column":8},"end":{"line":81,"column":69}},"type":"binary-expr","locations":[{"start":{"line":80,"column":8},"end":{"line":80,"column":33}},{"start":{"line":81,"column":8},"end":{"line":81,"column":69}}],"line":80},"11":{"loc":{"start":{"line":105,"column":4},"end":{"line":110,"column":5}},"type":"if","locations":[{"start":{"line":105,"column":4},"end":{"line":110,"column":5}},{"start":{},"end":{}}],"line":105},"12":{"loc":{"start":{"line":123,"column":4},"end":{"line":128,"column":5}},"type":"if","locations":[{"start":{"line":123,"column":4},"end":{"line":128,"column":5}},{"start":{},"end":{}}],"line":123},"13":{"loc":{"start":{"line":130,"column":4},"end":{"line":135,"column":5}},"type":"if","locations":[{"start":{"line":130,"column":4},"end":{"line":135,"column":5}},{"start":{},"end":{}}],"line":130},"14":{"loc":{"start":{"line":143,"column":4},"end":{"line":148,"column":5}},"type":"if","locations":[{"start":{"line":143,"column":4},"end":{"line":148,"column":5}},{"start":{},"end":{}}],"line":143},"15":{"loc":{"start":{"line":152,"column":4},"end":{"line":157,"column":5}},"type":"if","locations":[{"start":{"line":152,"column":4},"end":{"line":157,"column":5}},{"start":{},"end":{}}],"line":152},"16":{"loc":{"start":{"line":160,"column":4},"end":{"line":165,"column":5}},"type":"if","locations":[{"start":{"line":160,"column":4},"end":{"line":165,"column":5}},{"start":{},"end":{}}],"line":160},"17":{"loc":{"start":{"line":168,"column":4},"end":{"line":173,"column":5}},"type":"if","locations":[{"start":{"line":168,"column":4},"end":{"line":173,"column":5}},{"start":{},"end":{}}],"line":168},"18":{"loc":{"start":{"line":196,"column":4},"end":{"line":205,"column":5}},"type":"if","locations":[{"start":{"line":196,"column":4},"end":{"line":205,"column":5}},{"start":{},"end":{}}],"line":196},"19":{"loc":{"start":{"line":216,"column":4},"end":{"line":221,"column":5}},"type":"if","locations":[{"start":{"line":216,"column":4},"end":{"line":221,"column":5}},{"start":{},"end":{}}],"line":216},"20":{"loc":{"start":{"line":256,"column":4},"end":{"line":261,"column":5}},"type":"if","locations":[{"start":{"line":256,"column":4},"end":{"line":261,"column":5}},{"start":{},"end":{}}],"line":256},"21":{"loc":{"start":{"line":264,"column":4},"end":{"line":270,"column":5}},"type":"if","locations":[{"start":{"line":264,"column":4},"end":{"line":270,"column":5}},{"start":{},"end":{}}],"line":264},"22":{"loc":{"start":{"line":264,"column":8},"end":{"line":265,"column":65}},"type":"binary-expr","locations":[{"start":{"line":264,"column":8},"end":{"line":264,"column":33}},{"start":{"line":265,"column":8},"end":{"line":265,"column":65}}],"line":264},"23":{"loc":{"start":{"line":276,"column":4},"end":{"line":352,"column":5}},"type":"if","locations":[{"start":{"line":276,"column":4},"end":{"line":352,"column":5}},{"start":{"line":313,"column":11},"end":{"line":352,"column":5}}],"line":276},"24":{"loc":{"start":{"line":284,"column":6},"end":{"line":286,"column":7}},"type":"if","locations":[{"start":{"line":284,"column":6},"end":{"line":286,"column":7}},{"start":{},"end":{}}],"line":284},"25":{"loc":{"start":{"line":288,"column":6},"end":{"line":290,"column":7}},"type":"if","locations":[{"start":{"line":288,"column":6},"end":{"line":290,"column":7}},{"start":{},"end":{}}],"line":288},"26":{"loc":{"start":{"line":292,"column":6},"end":{"line":305,"column":7}},"type":"if","locations":[{"start":{"line":292,"column":6},"end":{"line":305,"column":7}},{"start":{},"end":{}}],"line":292},"27":{"loc":{"start":{"line":297,"column":8},"end":{"line":302,"column":9}},"type":"if","locations":[{"start":{"line":297,"column":8},"end":{"line":302,"column":9}},{"start":{},"end":{}}],"line":297},"28":{"loc":{"start":{"line":309,"column":8},"end":{"line":311,"column":9}},"type":"if","locations":[{"start":{"line":309,"column":8},"end":{"line":311,"column":9}},{"start":{},"end":{}}],"line":309},"29":{"loc":{"start":{"line":320,"column":6},"end":{"line":351,"column":7}},"type":"if","locations":[{"start":{"line":320,"column":6},"end":{"line":351,"column":7}},{"start":{},"end":{}}],"line":320},"30":{"loc":{"start":{"line":320,"column":10},"end":{"line":320,"column":46}},"type":"binary-expr","locations":[{"start":{"line":320,"column":10},"end":{"line":320,"column":27}},{"start":{"line":320,"column":31},"end":{"line":320,"column":46}}],"line":320},"31":{"loc":{"start":{"line":321,"column":29},"end":{"line":321,"column":100}},"type":"cond-expr","locations":[{"start":{"line":321,"column":49},"end":{"line":321,"column":76}},{"start":{"line":321,"column":79},"end":{"line":321,"column":100}}],"line":321},"32":{"loc":{"start":{"line":322,"column":27},"end":{"line":322,"column":92}},"type":"cond-expr","locations":[{"start":{"line":322,"column":45},"end":{"line":322,"column":70}},{"start":{"line":322,"column":73},"end":{"line":322,"column":92}}],"line":322},"33":{"loc":{"start":{"line":324,"column":8},"end":{"line":329,"column":9}},"type":"if","locations":[{"start":{"line":324,"column":8},"end":{"line":329,"column":9}},{"start":{},"end":{}}],"line":324},"34":{"loc":{"start":{"line":345,"column":8},"end":{"line":350,"column":9}},"type":"if","locations":[{"start":{"line":345,"column":8},"end":{"line":350,"column":9}},{"start":{},"end":{}}],"line":345},"35":{"loc":{"start":{"line":378,"column":4},"end":{"line":383,"column":5}},"type":"if","locations":[{"start":{"line":378,"column":4},"end":{"line":383,"column":5}},{"start":{},"end":{}}],"line":378},"36":{"loc":{"start":{"line":386,"column":4},"end":{"line":392,"column":5}},"type":"if","locations":[{"start":{"line":386,"column":4},"end":{"line":392,"column":5}},{"start":{},"end":{}}],"line":386},"37":{"loc":{"start":{"line":386,"column":8},"end":{"line":387,"column":65}},"type":"binary-expr","locations":[{"start":{"line":386,"column":8},"end":{"line":386,"column":33}},{"start":{"line":387,"column":8},"end":{"line":387,"column":65}}],"line":386},"38":{"loc":{"start":{"line":395,"column":4},"end":{"line":411,"column":5}},"type":"if","locations":[{"start":{"line":395,"column":4},"end":{"line":411,"column":5}},{"start":{},"end":{}}],"line":395},"39":{"loc":{"start":{"line":397,"column":6},"end":{"line":402,"column":7}},"type":"if","locations":[{"start":{"line":397,"column":6},"end":{"line":402,"column":7}},{"start":{},"end":{}}],"line":397},"40":{"loc":{"start":{"line":405,"column":6},"end":{"line":410,"column":7}},"type":"if","locations":[{"start":{"line":405,"column":6},"end":{"line":410,"column":7}},{"start":{},"end":{}}],"line":405},"41":{"loc":{"start":{"line":435,"column":17},"end":{"line":435,"column":46}},"type":"binary-expr","locations":[{"start":{"line":435,"column":17},"end":{"line":435,"column":41}},{"start":{"line":435,"column":45},"end":{"line":435,"column":46}}],"line":435},"42":{"loc":{"start":{"line":436,"column":18},"end":{"line":436,"column":49}},"type":"binary-expr","locations":[{"start":{"line":436,"column":18},"end":{"line":436,"column":43}},{"start":{"line":436,"column":47},"end":{"line":436,"column":49}}],"line":436},"43":{"loc":{"start":{"line":441,"column":4},"end":{"line":441,"column":39}},"type":"if","locations":[{"start":{"line":441,"column":4},"end":{"line":441,"column":39}},{"start":{},"end":{}}],"line":441},"44":{"loc":{"start":{"line":489,"column":4},"end":{"line":494,"column":5}},"type":"if","locations":[{"start":{"line":489,"column":4},"end":{"line":494,"column":5}},{"start":{},"end":{}}],"line":489},"45":{"loc":{"start":{"line":498,"column":4},"end":{"line":503,"column":5}},"type":"if","locations":[{"start":{"line":498,"column":4},"end":{"line":503,"column":5}},{"start":{},"end":{}}],"line":498},"46":{"loc":{"start":{"line":506,"column":4},"end":{"line":529,"column":5}},"type":"if","locations":[{"start":{"line":506,"column":4},"end":{"line":529,"column":5}},{"start":{},"end":{}}],"line":506},"47":{"loc":{"start":{"line":507,"column":6},"end":{"line":512,"column":7}},"type":"if","locations":[{"start":{"line":507,"column":6},"end":{"line":512,"column":7}},{"start":{},"end":{}}],"line":507},"48":{"loc":{"start":{"line":515,"column":6},"end":{"line":520,"column":7}},"type":"if","locations":[{"start":{"line":515,"column":6},"end":{"line":520,"column":7}},{"start":{},"end":{}}],"line":515},"49":{"loc":{"start":{"line":523,"column":6},"end":{"line":528,"column":7}},"type":"if","locations":[{"start":{"line":523,"column":6},"end":{"line":528,"column":7}},{"start":{},"end":{}}],"line":523}},"s":{"0":0,"1":0,"2":0,"3":0,"4":0,"5":0,"6":0,"7":0,"8":0,"9":0,"10":0,"11":0,"12":0,"13":0,"14":0,"15":0,"16":0,"17":0,"18":0,"19":0,"20":0,"21":0,"22":0,"23":0,"24":0,"25":0,"26":0,"27":0,"28":0,"29":0,"30":0,"31":0,"32":0,"33":0,"34":0,"35":0,"36":0,"37":0,"38":0,"39":0,"40":0,"41":0,"42":0,"43":0,"44":0,"45":0,"46":0,"47":0,"48":0,"49":0,"50":0,"51":0,"52":0,"53":0,"54":0,"55":0,"56":0,"57":0,"58":0,"59":0,"60":0,"61":0,"62":0,"63":0,"64":0,"65":0,"66":0,"67":0,"68":0,"69":0,"70":0,"71":0,"72":0,"73":0,"74":0,"75":0,"76":0,"77":0,"78":0,"79":0,"80":0,"81":0,"82":0,"83":0,"84":0,"85":0,"86":0,"87":0,"88":0,"89":0,"90":0,"91":0,"92":0,"93":0,"94":0,"95":0,"96":0,"97":0,"98":0,"99":0,"100":0,"101":0,"102":0,"103":0,"104":0,"105":0,"106":0,"107":0,"108":0,"109":0,"110":0,"111":0,"112":0,"113":0,"114":0,"115":0,"116":0,"117":0,"118":0,"119":0,"120":0,"121":0,"122":0,"123":0,"124":0,"125":0,"126":0,"127":0,"128":0,"129":0,"130":0,"131":0,"132":0,"133":0,"134":0,"135":0,"136":0,"137":0,"138":0,"139":0,"140":0,"141":0,"142":0,"143":0,"144":0,"145":0,"146":0,"147":0,"148":0,"149":0,"150":0,"151":0,"152":0,"153":0,"154":0,"155":0,"156":0,"157":0,"158":0,"159":0,"160":0,"161":0},"f":{"0":0,"1":0,"2":0,"3":0,"4":0,"5":0,"6":0,"7":0,"8":0,"9":0,"10":0,"11":0,"12":0},"b":{"0":[0,0],"1":[0,0],"2":[0,0],"3":[0,0],"4":[0,0],"5":[0,0],"6":[0,0],"7":[0,0],"8":[0,0],"9":[0,0],"10":[0,0],"11":[0,0],"12":[0,0],"13":[0,0],"14":[0,0],"15":[0,0],"16":[0,0],"17":[0,0],"18":[0,0],"19":[0,0],"20":[0,0],"21":[0,0],"22":[0,0],"23":[0,0],"24":[0,0],"25":[0,0],"26":[0,0],"27":[0,0],"28":[0,0],"29":[0,0],"30":[0,0],"31":[0,0],"32":[0,0],"33":[0,0],"34":[0,0],"35":[0,0],"36":[0,0],"37":[0,0],"38":[0,0],"39":[0,0],"40":[0,0],"41":[0,0],"42":[0,0],"43":[0,0],"44":[0,0],"45":[0,0],"46":[0,0],"47":[0,0],"48":[0,0],"49":[0,0]},"inputSourceMap":null}
,"E:\\BYU\\CSE341\\Final Project\\reservations-api\\controllers\\usersController.js": {"path":"E:\\BYU\\CSE341\\Final Project\\reservations-api\\controllers\\usersController.js","statementMap":{"0":{"start":{"line":1,"column":13},"end":{"line":1,"column":38}},"1":{"start":{"line":4,"column":20},"end":{"line":38,"column":1}},"2":{"start":{"line":5,"column":2},"end":{"line":37,"column":3}},"3":{"start":{"line":6,"column":17},"end":{"line":6,"column":46}},"4":{"start":{"line":7,"column":18},"end":{"line":7,"column":49}},"5":{"start":{"line":8,"column":17},"end":{"line":8,"column":35}},"6":{"start":{"line":9,"column":17},"end":{"line":9,"column":31}},"7":{"start":{"line":12,"column":17},"end":{"line":12,"column":19}},"8":{"start":{"line":13,"column":4},"end":{"line":15,"column":5}},"9":{"start":{"line":14,"column":6},"end":{"line":14,"column":25}},"10":{"start":{"line":17,"column":18},"end":{"line":20,"column":19}},"11":{"start":{"line":22,"column":18},"end":{"line":22,"column":51}},"12":{"start":{"line":24,"column":4},"end":{"line":33,"column":7}},"13":{"start":{"line":35,"column":4},"end":{"line":35,"column":49}},"14":{"start":{"line":36,"column":4},"end":{"line":36,"column":16}},"15":{"start":{"line":41,"column":20},"end":{"line":59,"column":1}},"16":{"start":{"line":42,"column":2},"end":{"line":58,"column":3}},"17":{"start":{"line":43,"column":17},"end":{"line":43,"column":51}},"18":{"start":{"line":45,"column":4},"end":{"line":50,"column":5}},"19":{"start":{"line":46,"column":6},"end":{"line":49,"column":9}},"20":{"start":{"line":52,"column":4},"end":{"line":55,"column":7}},"21":{"start":{"line":57,"column":4},"end":{"line":57,"column":16}},"22":{"start":{"line":62,"column":19},"end":{"line":91,"column":1}},"23":{"start":{"line":63,"column":2},"end":{"line":90,"column":3}},"24":{"start":{"line":64,"column":34},"end":{"line":64,"column":42}},"25":{"start":{"line":67,"column":25},"end":{"line":67,"column":75}},"26":{"start":{"line":68,"column":4},"end":{"line":73,"column":5}},"27":{"start":{"line":69,"column":6},"end":{"line":72,"column":9}},"28":{"start":{"line":75,"column":17},"end":{"line":79,"column":6}},"29":{"start":{"line":81,"column":22},"end":{"line":81,"column":39}},"30":{"start":{"line":83,"column":4},"end":{"line":87,"column":7}},"31":{"start":{"line":89,"column":4},"end":{"line":89,"column":16}},"32":{"start":{"line":94,"column":19},"end":{"line":129,"column":1}},"33":{"start":{"line":95,"column":2},"end":{"line":128,"column":3}},"34":{"start":{"line":96,"column":34},"end":{"line":96,"column":42}},"35":{"start":{"line":98,"column":23},"end":{"line":102,"column":5}},"36":{"start":{"line":104,"column":17},"end":{"line":112,"column":5}},"37":{"start":{"line":114,"column":4},"end":{"line":119,"column":5}},"38":{"start":{"line":115,"column":6},"end":{"line":118,"column":9}},"39":{"start":{"line":121,"column":4},"end":{"line":125,"column":7}},"40":{"start":{"line":127,"column":4},"end":{"line":127,"column":16}},"41":{"start":{"line":132,"column":19},"end":{"line":155,"column":1}},"42":{"start":{"line":133,"column":2},"end":{"line":154,"column":3}},"43":{"start":{"line":134,"column":17},"end":{"line":134,"column":60}},"44":{"start":{"line":136,"column":4},"end":{"line":141,"column":5}},"45":{"start":{"line":137,"column":6},"end":{"line":140,"column":9}},"46":{"start":{"line":143,"column":4},"end":{"line":151,"column":7}},"47":{"start":{"line":153,"column":4},"end":{"line":153,"column":16}},"48":{"start":{"line":157,"column":0},"end":{"line":163,"column":2}}},"fnMap":{"0":{"name":"(anonymous_0)","decl":{"start":{"line":4,"column":20},"end":{"line":4,"column":21}},"loc":{"start":{"line":4,"column":46},"end":{"line":38,"column":1}},"line":4},"1":{"name":"(anonymous_1)","decl":{"start":{"line":41,"column":20},"end":{"line":41,"column":21}},"loc":{"start":{"line":41,"column":46},"end":{"line":59,"column":1}},"line":41},"2":{"name":"(anonymous_2)","decl":{"start":{"line":62,"column":19},"end":{"line":62,"column":20}},"loc":{"start":{"line":62,"column":45},"end":{"line":91,"column":1}},"line":62},"3":{"name":"(anonymous_3)","decl":{"start":{"line":94,"column":19},"end":{"line":94,"column":20}},"loc":{"start":{"line":94,"column":45},"end":{"line":129,"column":1}},"line":94},"4":{"name":"(anonymous_4)","decl":{"start":{"line":132,"column":19},"end":{"line":132,"column":20}},"loc":{"start":{"line":132,"column":45},"end":{"line":155,"column":1}},"line":132}},"branchMap":{"0":{"loc":{"start":{"line":6,"column":17},"end":{"line":6,"column":46}},"type":"binary-expr","locations":[{"start":{"line":6,"column":17},"end":{"line":6,"column":41}},{"start":{"line":6,"column":45},"end":{"line":6,"column":46}}],"line":6},"1":{"loc":{"start":{"line":7,"column":18},"end":{"line":7,"column":49}},"type":"binary-expr","locations":[{"start":{"line":7,"column":18},"end":{"line":7,"column":43}},{"start":{"line":7,"column":47},"end":{"line":7,"column":49}}],"line":7},"2":{"loc":{"start":{"line":13,"column":4},"end":{"line":15,"column":5}},"type":"if","locations":[{"start":{"line":13,"column":4},"end":{"line":15,"column":5}},{"start":{},"end":{}}],"line":13},"3":{"loc":{"start":{"line":13,"column":8},"end":{"line":13,"column":60}},"type":"binary-expr","locations":[{"start":{"line":13,"column":8},"end":{"line":13,"column":12}},{"start":{"line":13,"column":16},"end":{"line":13,"column":60}}],"line":13},"4":{"loc":{"start":{"line":45,"column":4},"end":{"line":50,"column":5}},"type":"if","locations":[{"start":{"line":45,"column":4},"end":{"line":50,"column":5}},{"start":{},"end":{}}],"line":45},"5":{"loc":{"start":{"line":68,"column":4},"end":{"line":73,"column":5}},"type":"if","locations":[{"start":{"line":68,"column":4},"end":{"line":73,"column":5}},{"start":{},"end":{}}],"line":68},"6":{"loc":{"start":{"line":78,"column":12},"end":{"line":78,"column":26}},"type":"binary-expr","locations":[{"start":{"line":78,"column":12},"end":{"line":78,"column":16}},{"start":{"line":78,"column":20},"end":{"line":78,"column":26}}],"line":78},"7":{"loc":{"start":{"line":99,"column":10},"end":{"line":99,"column":39}},"type":"binary-expr","locations":[{"start":{"line":99,"column":10},"end":{"line":99,"column":14}},{"start":{"line":99,"column":18},"end":{"line":99,"column":39}}],"line":99},"8":{"loc":{"start":{"line":100,"column":10},"end":{"line":100,"column":56}},"type":"binary-expr","locations":[{"start":{"line":100,"column":10},"end":{"line":100,"column":15}},{"start":{"line":100,"column":19},"end":{"line":100,"column":56}}],"line":100},"9":{"loc":{"start":{"line":101,"column":10},"end":{"line":101,"column":26}},"type":"binary-expr","locations":[{"start":{"line":101,"column":10},"end":{"line":101,"column":14}},{"start":{"line":101,"column":18},"end":{"line":101,"column":26}}],"line":101},"10":{"loc":{"start":{"line":114,"column":4},"end":{"line":119,"column":5}},"type":"if","locations":[{"start":{"line":114,"column":4},"end":{"line":119,"column":5}},{"start":{},"end":{}}],"line":114},"11":{"loc":{"start":{"line":136,"column":4},"end":{"line":141,"column":5}},"type":"if","locations":[{"start":{"line":136,"column":4},"end":{"line":141,"column":5}},{"start":{},"end":{}}],"line":136}},"s":{"0":0,"1":0,"2":0,"3":0,"4":0,"5":0,"6":0,"7":0,"8":0,"9":0,"10":0,"11":0,"12":0,"13":0,"14":0,"15":0,"16":0,"17":0,"18":0,"19":0,"20":0,"21":0,"22":0,"23":0,"24":0,"25":0,"26":0,"27":0,"28":0,"29":0,"30":0,"31":0,"32":0,"33":0,"34":0,"35":0,"36":0,"37":0,"38":0,"39":0,"40":0,"41":0,"42":0,"43":0,"44":0,"45":0,"46":0,"47":0,"48":0},"f":{"0":0,"1":0,"2":0,"3":0,"4":0},"b":{"0":[0,0],"1":[0,0],"2":[0,0],"3":[0,0],"4":[0,0],"5":[0,0],"6":[0,0],"7":[0,0],"8":[0,0],"9":[0,0],"10":[0,0],"11":[0,0]},"inputSourceMap":null}
,"E:\\BYU\\CSE341\\Final Project\\reservations-api\\controllers\\vehiclesController.js": {"path":"E:\\BYU\\CSE341\\Final Project\\reservations-api\\controllers\\vehiclesController.js","statementMap":{"0":{"start":{"line":1,"column":16},"end":{"line":1,"column":44}},"1":{"start":{"line":2,"column":13},"end":{"line":2,"column":38}},"2":{"start":{"line":5,"column":23},"end":{"line":40,"column":1}},"3":{"start":{"line":6,"column":2},"end":{"line":39,"column":3}},"4":{"start":{"line":7,"column":17},"end":{"line":7,"column":46}},"5":{"start":{"line":8,"column":18},"end":{"line":8,"column":49}},"6":{"start":{"line":9,"column":17},"end":{"line":9,"column":35}},"7":{"start":{"line":10,"column":58},"end":{"line":10,"column":67}},"8":{"start":{"line":12,"column":17},"end":{"line":12,"column":19}},"9":{"start":{"line":13,"column":4},"end":{"line":13,"column":33}},"10":{"start":{"line":13,"column":14},"end":{"line":13,"column":33}},"11":{"start":{"line":14,"column":4},"end":{"line":14,"column":62}},"12":{"start":{"line":14,"column":14},"end":{"line":14,"column":62}},"13":{"start":{"line":15,"column":4},"end":{"line":15,"column":62}},"14":{"start":{"line":15,"column":18},"end":{"line":15,"column":62}},"15":{"start":{"line":16,"column":4},"end":{"line":16,"column":70}},"16":{"start":{"line":16,"column":18},"end":{"line":16,"column":70}},"17":{"start":{"line":17,"column":4},"end":{"line":17,"column":75}},"18":{"start":{"line":17,"column":33},"end":{"line":17,"column":75}},"19":{"start":{"line":19,"column":21},"end":{"line":23,"column":19}},"20":{"start":{"line":25,"column":18},"end":{"line":25,"column":54}},"21":{"start":{"line":27,"column":4},"end":{"line":36,"column":7}},"22":{"start":{"line":38,"column":4},"end":{"line":38,"column":16}},"23":{"start":{"line":43,"column":23},"end":{"line":62,"column":1}},"24":{"start":{"line":44,"column":2},"end":{"line":61,"column":3}},"25":{"start":{"line":45,"column":20},"end":{"line":46,"column":49}},"26":{"start":{"line":48,"column":4},"end":{"line":53,"column":5}},"27":{"start":{"line":49,"column":6},"end":{"line":52,"column":9}},"28":{"start":{"line":55,"column":4},"end":{"line":58,"column":7}},"29":{"start":{"line":60,"column":4},"end":{"line":60,"column":16}},"30":{"start":{"line":65,"column":22},"end":{"line":91,"column":1}},"31":{"start":{"line":66,"column":2},"end":{"line":90,"column":3}},"32":{"start":{"line":71,"column":21},"end":{"line":71,"column":61}},"33":{"start":{"line":72,"column":4},"end":{"line":77,"column":5}},"34":{"start":{"line":73,"column":6},"end":{"line":76,"column":9}},"35":{"start":{"line":79,"column":20},"end":{"line":79,"column":41}},"36":{"start":{"line":80,"column":25},"end":{"line":80,"column":45}},"37":{"start":{"line":81,"column":4},"end":{"line":81,"column":60}},"38":{"start":{"line":83,"column":4},"end":{"line":87,"column":7}},"39":{"start":{"line":89,"column":4},"end":{"line":89,"column":16}},"40":{"start":{"line":94,"column":22},"end":{"line":133,"column":1}},"41":{"start":{"line":95,"column":2},"end":{"line":132,"column":3}},"42":{"start":{"line":97,"column":20},"end":{"line":97,"column":57}},"43":{"start":{"line":99,"column":4},"end":{"line":104,"column":5}},"44":{"start":{"line":100,"column":6},"end":{"line":103,"column":9}},"45":{"start":{"line":108,"column":22},"end":{"line":109,"column":78}},"46":{"start":{"line":111,"column":4},"end":{"line":116,"column":5}},"47":{"start":{"line":112,"column":6},"end":{"line":115,"column":9}},"48":{"start":{"line":119,"column":27},"end":{"line":123,"column":42}},"49":{"start":{"line":125,"column":4},"end":{"line":129,"column":7}},"50":{"start":{"line":131,"column":4},"end":{"line":131,"column":16}},"51":{"start":{"line":136,"column":22},"end":{"line":160,"column":1}},"52":{"start":{"line":137,"column":2},"end":{"line":159,"column":3}},"53":{"start":{"line":138,"column":20},"end":{"line":138,"column":66}},"54":{"start":{"line":140,"column":4},"end":{"line":145,"column":5}},"55":{"start":{"line":141,"column":6},"end":{"line":144,"column":9}},"56":{"start":{"line":147,"column":4},"end":{"line":156,"column":7}},"57":{"start":{"line":158,"column":4},"end":{"line":158,"column":16}},"58":{"start":{"line":162,"column":0},"end":{"line":168,"column":2}}},"fnMap":{"0":{"name":"(anonymous_0)","decl":{"start":{"line":5,"column":23},"end":{"line":5,"column":24}},"loc":{"start":{"line":5,"column":49},"end":{"line":40,"column":1}},"line":5},"1":{"name":"(anonymous_1)","decl":{"start":{"line":43,"column":23},"end":{"line":43,"column":24}},"loc":{"start":{"line":43,"column":49},"end":{"line":62,"column":1}},"line":43},"2":{"name":"(anonymous_2)","decl":{"start":{"line":65,"column":22},"end":{"line":65,"column":23}},"loc":{"start":{"line":65,"column":48},"end":{"line":91,"column":1}},"line":65},"3":{"name":"(anonymous_3)","decl":{"start":{"line":94,"column":22},"end":{"line":94,"column":23}},"loc":{"start":{"line":94,"column":48},"end":{"line":133,"column":1}},"line":94},"4":{"name":"(anonymous_4)","decl":{"start":{"line":136,"column":22},"end":{"line":136,"column":23}},"loc":{"start":{"line":136,"column":48},"end":{"line":160,"column":1}},"line":136}},"branchMap":{"0":{"loc":{"start":{"line":7,"column":17},"end":{"line":7,"column":46}},"type":"binary-expr","locations":[{"start":{"line":7,"column":17},"end":{"line":7,"column":41}},{"start":{"line":7,"column":45},"end":{"line":7,"column":46}}],"line":7},"1":{"loc":{"start":{"line":8,"column":18},"end":{"line":8,"column":49}},"type":"binary-expr","locations":[{"start":{"line":8,"column":18},"end":{"line":8,"column":43}},{"start":{"line":8,"column":47},"end":{"line":8,"column":49}}],"line":8},"2":{"loc":{"start":{"line":13,"column":4},"end":{"line":13,"column":33}},"type":"if","locations":[{"start":{"line":13,"column":4},"end":{"line":13,"column":33}},{"start":{},"end":{}}],"line":13},"3":{"loc":{"start":{"line":14,"column":4},"end":{"line":14,"column":62}},"type":"if","locations":[{"start":{"line":14,"column":4},"end":{"line":14,"column":62}},{"start":{},"end":{}}],"line":14},"4":{"loc":{"start":{"line":15,"column":4},"end":{"line":15,"column":62}},"type":"if","locations":[{"start":{"line":15,"column":4},"end":{"line":15,"column":62}},{"start":{},"end":{}}],"line":15},"5":{"loc":{"start":{"line":16,"column":4},"end":{"line":16,"column":70}},"type":"if","locations":[{"start":{"line":16,"column":4},"end":{"line":16,"column":70}},{"start":{},"end":{}}],"line":16},"6":{"loc":{"start":{"line":17,"column":4},"end":{"line":17,"column":75}},"type":"if","locations":[{"start":{"line":17,"column":4},"end":{"line":17,"column":75}},{"start":{},"end":{}}],"line":17},"7":{"loc":{"start":{"line":48,"column":4},"end":{"line":53,"column":5}},"type":"if","locations":[{"start":{"line":48,"column":4},"end":{"line":53,"column":5}},{"start":{},"end":{}}],"line":48},"8":{"loc":{"start":{"line":72,"column":4},"end":{"line":77,"column":5}},"type":"if","locations":[{"start":{"line":72,"column":4},"end":{"line":77,"column":5}},{"start":{},"end":{}}],"line":72},"9":{"loc":{"start":{"line":99,"column":4},"end":{"line":104,"column":5}},"type":"if","locations":[{"start":{"line":99,"column":4},"end":{"line":104,"column":5}},{"start":{},"end":{}}],"line":99},"10":{"loc":{"start":{"line":108,"column":22},"end":{"line":109,"column":78}},"type":"binary-expr","locations":[{"start":{"line":108,"column":22},"end":{"line":108,"column":47}},{"start":{"line":109,"column":21},"end":{"line":109,"column":78}}],"line":108},"11":{"loc":{"start":{"line":111,"column":4},"end":{"line":116,"column":5}},"type":"if","locations":[{"start":{"line":111,"column":4},"end":{"line":116,"column":5}},{"start":{},"end":{}}],"line":111},"12":{"loc":{"start":{"line":140,"column":4},"end":{"line":145,"column":5}},"type":"if","locations":[{"start":{"line":140,"column":4},"end":{"line":145,"column":5}},{"start":{},"end":{}}],"line":140}},"s":{"0":0,"1":0,"2":0,"3":0,"4":0,"5":0,"6":0,"7":0,"8":0,"9":0,"10":0,"11":0,"12":0,"13":0,"14":0,"15":0,"16":0,"17":0,"18":0,"19":0,"20":0,"21":0,"22":0,"23":0,"24":0,"25":0,"26":0,"27":0,"28":0,"29":0,"30":0,"31":0,"32":0,"33":0,"34":0,"35":0,"36":0,"37":0,"38":0,"39":0,"40":0,"41":0,"42":0,"43":0,"44":0,"45":0,"46":0,"47":0,"48":0,"49":0,"50":0,"51":0,"52":0,"53":0,"54":0,"55":0,"56":0,"57":0,"58":0},"f":{"0":0,"1":0,"2":0,"3":0,"4":0},"b":{"0":[0,0],"1":[0,0],"2":[0,0],"3":[0,0],"4":[0,0],"5":[0,0],"6":[0,0],"7":[0,0],"8":[0,0],"9":[0,0],"10":[0,0],"11":[0,0],"12":[0,0]},"inputSourceMap":null}
,"E:\\BYU\\CSE341\\Final Project\\reservations-api\\middleware\\auth.js": {"path":"E:\\BYU\\CSE341\\Final Project\\reservations-api\\middleware\\auth.js","statementMap":{"0":{"start":{"line":4,"column":20},"end":{"line":21,"column":1}},"1":{"start":{"line":5,"column":2},"end":{"line":5,"column":53}},"2":{"start":{"line":6,"column":2},"end":{"line":6,"column":42}},"3":{"start":{"line":7,"column":2},"end":{"line":7,"column":58}},"4":{"start":{"line":8,"column":2},"end":{"line":8,"column":65}},"5":{"start":{"line":10,"column":2},"end":{"line":13,"column":3}},"6":{"start":{"line":11,"column":4},"end":{"line":11,"column":46}},"7":{"start":{"line":12,"column":4},"end":{"line":12,"column":18}},"8":{"start":{"line":15,"column":2},"end":{"line":15,"column":44}},"9":{"start":{"line":16,"column":2},"end":{"line":20,"column":5}},"10":{"start":{"line":23,"column":21},"end":{"line":37,"column":1}},"11":{"start":{"line":24,"column":2},"end":{"line":24,"column":54}},"12":{"start":{"line":25,"column":2},"end":{"line":25,"column":69}},"13":{"start":{"line":27,"column":2},"end":{"line":30,"column":3}},"14":{"start":{"line":28,"column":4},"end":{"line":28,"column":45}},"15":{"start":{"line":29,"column":4},"end":{"line":29,"column":18}},"16":{"start":{"line":32,"column":2},"end":{"line":32,"column":42}},"17":{"start":{"line":33,"column":2},"end":{"line":36,"column":5}},"18":{"start":{"line":39,"column":31},"end":{"line":53,"column":1}},"19":{"start":{"line":40,"column":2},"end":{"line":40,"column":64}},"20":{"start":{"line":41,"column":2},"end":{"line":41,"column":69}},"21":{"start":{"line":43,"column":2},"end":{"line":46,"column":3}},"22":{"start":{"line":44,"column":4},"end":{"line":44,"column":54}},"23":{"start":{"line":45,"column":4},"end":{"line":45,"column":18}},"24":{"start":{"line":48,"column":2},"end":{"line":48,"column":51}},"25":{"start":{"line":49,"column":2},"end":{"line":52,"column":5}},"26":{"start":{"line":55,"column":23},"end":{"line":85,"column":1}},"27":{"start":{"line":56,"column":2},"end":{"line":56,"column":56}},"28":{"start":{"line":57,"column":2},"end":{"line":57,"column":69}},"29":{"start":{"line":58,"column":2},"end":{"line":58,"column":48}},"30":{"start":{"line":59,"column":2},"end":{"line":59,"column":66}},"31":{"start":{"line":61,"column":2},"end":{"line":78,"column":3}},"32":{"start":{"line":62,"column":4},"end":{"line":65,"column":5}},"33":{"start":{"line":63,"column":6},"end":{"line":63,"column":47}},"34":{"start":{"line":64,"column":6},"end":{"line":64,"column":20}},"35":{"start":{"line":68,"column":4},"end":{"line":71,"column":5}},"36":{"start":{"line":69,"column":6},"end":{"line":69,"column":55}},"37":{"start":{"line":70,"column":6},"end":{"line":70,"column":20}},"38":{"start":{"line":74,"column":4},"end":{"line":77,"column":5}},"39":{"start":{"line":75,"column":6},"end":{"line":75,"column":60}},"40":{"start":{"line":76,"column":6},"end":{"line":76,"column":20}},"41":{"start":{"line":80,"column":2},"end":{"line":80,"column":48}},"42":{"start":{"line":81,"column":2},"end":{"line":84,"column":5}},"43":{"start":{"line":88,"column":19},"end":{"line":93,"column":1}},"44":{"start":{"line":89,"column":2},"end":{"line":89,"column":58}},"45":{"start":{"line":90,"column":2},"end":{"line":90,"column":60}},"46":{"start":{"line":91,"column":2},"end":{"line":91,"column":64}},"47":{"start":{"line":92,"column":2},"end":{"line":92,"column":9}},"48":{"start":{"line":95,"column":0},"end":{"line":101,"column":2}}},"fnMap":{"0":{"name":"(anonymous_0)","decl":{"start":{"line":4,"column":20},"end":{"line":4,"column":21}},"loc":{"start":{"line":4,"column":40},"end":{"line":21,"column":1}},"line":4},"1":{"name":"(anonymous_1)","decl":{"start":{"line":23,"column":21},"end":{"line":23,"column":22}},"loc":{"start":{"line":23,"column":41},"end":{"line":37,"column":1}},"line":23},"2":{"name":"(anonymous_2)","decl":{"start":{"line":39,"column":31},"end":{"line":39,"column":32}},"loc":{"start":{"line":39,"column":51},"end":{"line":53,"column":1}},"line":39},"3":{"name":"(anonymous_3)","decl":{"start":{"line":55,"column":23},"end":{"line":55,"column":24}},"loc":{"start":{"line":55,"column":43},"end":{"line":85,"column":1}},"line":55},"4":{"name":"(anonymous_4)","decl":{"start":{"line":88,"column":19},"end":{"line":88,"column":20}},"loc":{"start":{"line":88,"column":39},"end":{"line":93,"column":1}},"line":88}},"branchMap":{"0":{"loc":{"start":{"line":8,"column":26},"end":{"line":8,"column":63}},"type":"cond-expr","locations":[{"start":{"line":8,"column":37},"end":{"line":8,"column":51}},{"start":{"line":8,"column":54},"end":{"line":8,"column":63}}],"line":8},"1":{"loc":{"start":{"line":10,"column":2},"end":{"line":13,"column":3}},"type":"if","locations":[{"start":{"line":10,"column":2},"end":{"line":13,"column":3}},{"start":{},"end":{}}],"line":10},"2":{"loc":{"start":{"line":25,"column":31},"end":{"line":25,"column":67}},"type":"cond-expr","locations":[{"start":{"line":25,"column":42},"end":{"line":25,"column":55}},{"start":{"line":25,"column":58},"end":{"line":25,"column":67}}],"line":25},"3":{"loc":{"start":{"line":27,"column":2},"end":{"line":30,"column":3}},"type":"if","locations":[{"start":{"line":27,"column":2},"end":{"line":30,"column":3}},{"start":{},"end":{}}],"line":27},"4":{"loc":{"start":{"line":27,"column":6},"end":{"line":27,"column":56}},"type":"binary-expr","locations":[{"start":{"line":27,"column":6},"end":{"line":27,"column":27}},{"start":{"line":27,"column":31},"end":{"line":27,"column":56}}],"line":27},"5":{"loc":{"start":{"line":41,"column":31},"end":{"line":41,"column":67}},"type":"cond-expr","locations":[{"start":{"line":41,"column":42},"end":{"line":41,"column":55}},{"start":{"line":41,"column":58},"end":{"line":41,"column":67}}],"line":41},"6":{"loc":{"start":{"line":43,"column":2},"end":{"line":46,"column":3}},"type":"if","locations":[{"start":{"line":43,"column":2},"end":{"line":46,"column":3}},{"start":{},"end":{}}],"line":43},"7":{"loc":{"start":{"line":43,"column":6},"end":{"line":43,"column":90}},"type":"binary-expr","locations":[{"start":{"line":43,"column":6},"end":{"line":43,"column":27}},{"start":{"line":43,"column":32},"end":{"line":43,"column":60}},{"start":{"line":43,"column":64},"end":{"line":43,"column":89}}],"line":43},"8":{"loc":{"start":{"line":57,"column":31},"end":{"line":57,"column":67}},"type":"cond-expr","locations":[{"start":{"line":57,"column":42},"end":{"line":57,"column":55}},{"start":{"line":57,"column":58},"end":{"line":57,"column":67}}],"line":57},"9":{"loc":{"start":{"line":59,"column":29},"end":{"line":59,"column":64}},"type":"cond-expr","locations":[{"start":{"line":59,"column":40},"end":{"line":59,"column":52}},{"start":{"line":59,"column":55},"end":{"line":59,"column":64}}],"line":59},"10":{"loc":{"start":{"line":61,"column":2},"end":{"line":78,"column":3}},"type":"if","locations":[{"start":{"line":61,"column":2},"end":{"line":78,"column":3}},{"start":{},"end":{}}],"line":61},"11":{"loc":{"start":{"line":62,"column":4},"end":{"line":65,"column":5}},"type":"if","locations":[{"start":{"line":62,"column":4},"end":{"line":65,"column":5}},{"start":{},"end":{}}],"line":62},"12":{"loc":{"start":{"line":68,"column":4},"end":{"line":71,"column":5}},"type":"if","locations":[{"start":{"line":68,"column":4},"end":{"line":71,"column":5}},{"start":{},"end":{}}],"line":68},"13":{"loc":{"start":{"line":68,"column":8},"end":{"line":68,"column":66}},"type":"binary-expr","locations":[{"start":{"line":68,"column":8},"end":{"line":68,"column":21}},{"start":{"line":68,"column":25},"end":{"line":68,"column":66}}],"line":68},"14":{"loc":{"start":{"line":74,"column":4},"end":{"line":77,"column":5}},"type":"if","locations":[{"start":{"line":74,"column":4},"end":{"line":77,"column":5}},{"start":{},"end":{}}],"line":74},"15":{"loc":{"start":{"line":74,"column":8},"end":{"line":74,"column":72}},"type":"binary-expr","locations":[{"start":{"line":74,"column":8},"end":{"line":74,"column":24}},{"start":{"line":74,"column":28},"end":{"line":74,"column":72}}],"line":74},"16":{"loc":{"start":{"line":91,"column":26},"end":{"line":91,"column":60}},"type":"cond-expr","locations":[{"start":{"line":91,"column":37},"end":{"line":91,"column":51}},{"start":{"line":91,"column":54},"end":{"line":91,"column":60}}],"line":91}},"s":{"0":0,"1":0,"2":0,"3":0,"4":0,"5":0,"6":0,"7":0,"8":0,"9":0,"10":0,"11":0,"12":0,"13":0,"14":0,"15":0,"16":0,"17":0,"18":0,"19":0,"20":0,"21":0,"22":0,"23":0,"24":0,"25":0,"26":0,"27":0,"28":0,"29":0,"30":0,"31":0,"32":0,"33":0,"34":0,"35":0,"36":0,"37":0,"38":0,"39":0,"40":0,"41":0,"42":0,"43":0,"44":0,"45":0,"46":0,"47":0,"48":0},"f":{"0":0,"1":0,"2":0,"3":0,"4":0},"b":{"0":[0,0],"1":[0,0],"2":[0,0],"3":[0,0],"4":[0,0],"5":[0,0],"6":[0,0],"7":[0,0,0],"8":[0,0],"9":[0,0],"10":[0,0],"11":[0,0],"12":[0,0],"13":[0,0],"14":[0,0],"15":[0,0],"16":[0,0]},"inputSourceMap":null}
,"E:\\BYU\\CSE341\\Final Project\\reservations-api\\middleware\\errorHandler.js": {"path":"E:\\BYU\\CSE341\\Final Project\\reservations-api\\middleware\\errorHandler.js","statementMap":{"0":{"start":{"line":1,"column":21},"end":{"line":54,"column":1}},"1":{"start":{"line":2,"column":14},"end":{"line":2,"column":24}},"2":{"start":{"line":3,"column":2},"end":{"line":3,"column":30}},"3":{"start":{"line":6,"column":2},"end":{"line":11,"column":5}},"4":{"start":{"line":14,"column":2},"end":{"line":20,"column":3}},"5":{"start":{"line":15,"column":20},"end":{"line":15,"column":62}},"6":{"start":{"line":16,"column":4},"end":{"line":19,"column":6}},"7":{"start":{"line":23,"column":2},"end":{"line":30,"column":3}},"8":{"start":{"line":24,"column":18},"end":{"line":24,"column":46}},"9":{"start":{"line":25,"column":20},"end":{"line":25,"column":79}},"10":{"start":{"line":26,"column":4},"end":{"line":29,"column":6}},"11":{"start":{"line":33,"column":2},"end":{"line":39,"column":3}},"12":{"start":{"line":34,"column":20},"end":{"line":34,"column":80}},"13":{"start":{"line":34,"column":57},"end":{"line":34,"column":68}},"14":{"start":{"line":35,"column":4},"end":{"line":38,"column":6}},"15":{"start":{"line":42,"column":2},"end":{"line":47,"column":3}},"16":{"start":{"line":43,"column":4},"end":{"line":46,"column":6}},"17":{"start":{"line":44,"column":62},"end":{"line":44,"column":76}},"18":{"start":{"line":49,"column":2},"end":{"line":53,"column":5}},"19":{"start":{"line":56,"column":0},"end":{"line":56,"column":30}}},"fnMap":{"0":{"name":"(anonymous_0)","decl":{"start":{"line":1,"column":21},"end":{"line":1,"column":22}},"loc":{"start":{"line":1,"column":46},"end":{"line":54,"column":1}},"line":1},"1":{"name":"(anonymous_1)","decl":{"start":{"line":34,"column":50},"end":{"line":34,"column":51}},"loc":{"start":{"line":34,"column":57},"end":{"line":34,"column":68}},"line":34},"2":{"name":"(anonymous_2)","decl":{"start":{"line":44,"column":52},"end":{"line":44,"column":53}},"loc":{"start":{"line":44,"column":62},"end":{"line":44,"column":76}},"line":44}},"branchMap":{"0":{"loc":{"start":{"line":14,"column":2},"end":{"line":20,"column":3}},"type":"if","locations":[{"start":{"line":14,"column":2},"end":{"line":20,"column":3}},{"start":{},"end":{}}],"line":14},"1":{"loc":{"start":{"line":23,"column":2},"end":{"line":30,"column":3}},"type":"if","locations":[{"start":{"line":23,"column":2},"end":{"line":30,"column":3}},{"start":{},"end":{}}],"line":23},"2":{"loc":{"start":{"line":33,"column":2},"end":{"line":39,"column":3}},"type":"if","locations":[{"start":{"line":33,"column":2},"end":{"line":39,"column":3}},{"start":{},"end":{}}],"line":33},"3":{"loc":{"start":{"line":42,"column":2},"end":{"line":47,"column":3}},"type":"if","locations":[{"start":{"line":42,"column":2},"end":{"line":47,"column":3}},{"start":{},"end":{}}],"line":42},"4":{"loc":{"start":{"line":49,"column":13},"end":{"line":49,"column":36}},"type":"binary-expr","locations":[{"start":{"line":49,"column":13},"end":{"line":49,"column":29}},{"start":{"line":49,"column":33},"end":{"line":49,"column":36}}],"line":49},"5":{"loc":{"start":{"line":51,"column":13},"end":{"line":51,"column":53}},"type":"binary-expr","locations":[{"start":{"line":51,"column":13},"end":{"line":51,"column":26}},{"start":{"line":51,"column":30},"end":{"line":51,"column":53}}],"line":51},"6":{"loc":{"start":{"line":52,"column":8},"end":{"line":52,"column":70}},"type":"binary-expr","locations":[{"start":{"line":52,"column":8},"end":{"line":52,"column":46}},{"start":{"line":52,"column":50},"end":{"line":52,"column":70}}],"line":52}},"s":{"0":0,"1":0,"2":0,"3":0,"4":0,"5":0,"6":0,"7":0,"8":0,"9":0,"10":0,"11":0,"12":0,"13":0,"14":0,"15":0,"16":0,"17":0,"18":0,"19":0},"f":{"0":0,"1":0,"2":0},"b":{"0":[0,0],"1":[0,0],"2":[0,0],"3":[0,0],"4":[0,0],"5":[0,0],"6":[0,0]},"inputSourceMap":null}
,"E:\\BYU\\CSE341\\Final Project\\reservations-api\\middleware\\validateOwnerExists.js": {"path":"E:\\BYU\\CSE341\\Final Project\\reservations-api\\middleware\\validateOwnerExists.js","statementMap":{"0":{"start":{"line":3,"column":13},"end":{"line":3,"column":38}},"1":{"start":{"line":5,"column":28},"end":{"line":51,"column":1}},"2":{"start":{"line":6,"column":2},"end":{"line":50,"column":3}},"3":{"start":{"line":7,"column":20},"end":{"line":7,"column":36}},"4":{"start":{"line":9,"column":4},"end":{"line":14,"column":5}},"5":{"start":{"line":10,"column":6},"end":{"line":13,"column":9}},"6":{"start":{"line":17,"column":4},"end":{"line":22,"column":5}},"7":{"start":{"line":18,"column":6},"end":{"line":21,"column":9}},"8":{"start":{"line":24,"column":18},"end":{"line":24,"column":46}},"9":{"start":{"line":26,"column":4},"end":{"line":31,"column":5}},"10":{"start":{"line":27,"column":6},"end":{"line":30,"column":9}},"11":{"start":{"line":34,"column":4},"end":{"line":39,"column":5}},"12":{"start":{"line":35,"column":6},"end":{"line":38,"column":9}},"13":{"start":{"line":42,"column":4},"end":{"line":42,"column":22}},"14":{"start":{"line":43,"column":4},"end":{"line":43,"column":11}},"15":{"start":{"line":45,"column":4},"end":{"line":45,"column":55}},"16":{"start":{"line":46,"column":4},"end":{"line":49,"column":7}},"17":{"start":{"line":53,"column":0},"end":{"line":53,"column":37}}},"fnMap":{"0":{"name":"(anonymous_0)","decl":{"start":{"line":5,"column":28},"end":{"line":5,"column":29}},"loc":{"start":{"line":5,"column":54},"end":{"line":51,"column":1}},"line":5}},"branchMap":{"0":{"loc":{"start":{"line":9,"column":4},"end":{"line":14,"column":5}},"type":"if","locations":[{"start":{"line":9,"column":4},"end":{"line":14,"column":5}},{"start":{},"end":{}}],"line":9},"1":{"loc":{"start":{"line":17,"column":4},"end":{"line":22,"column":5}},"type":"if","locations":[{"start":{"line":17,"column":4},"end":{"line":22,"column":5}},{"start":{},"end":{}}],"line":17},"2":{"loc":{"start":{"line":26,"column":4},"end":{"line":31,"column":5}},"type":"if","locations":[{"start":{"line":26,"column":4},"end":{"line":31,"column":5}},{"start":{},"end":{}}],"line":26},"3":{"loc":{"start":{"line":34,"column":4},"end":{"line":39,"column":5}},"type":"if","locations":[{"start":{"line":34,"column":4},"end":{"line":39,"column":5}},{"start":{},"end":{}}],"line":34},"4":{"loc":{"start":{"line":34,"column":8},"end":{"line":34,"column":47}},"type":"binary-expr","locations":[{"start":{"line":34,"column":8},"end":{"line":34,"column":27}},{"start":{"line":34,"column":31},"end":{"line":34,"column":47}}],"line":34}},"s":{"0":0,"1":0,"2":0,"3":0,"4":0,"5":0,"6":0,"7":0,"8":0,"9":0,"10":0,"11":0,"12":0,"13":0,"14":0,"15":0,"16":0,"17":0},"f":{"0":0},"b":{"0":[0,0],"1":[0,0],"2":[0,0],"3":[0,0],"4":[0,0]},"inputSourceMap":null}
,"E:\\BYU\\CSE341\\Final Project\\reservations-api\\middleware\\validation.js": {"path":"E:\\BYU\\CSE341\\Final Project\\reservations-api\\middleware\\validation.js","statementMap":{"0":{"start":{"line":1,"column":12},"end":{"line":1,"column":26}},"1":{"start":{"line":2,"column":17},"end":{"line":2,"column":36}},"2":{"start":{"line":7,"column":25},"end":{"line":15,"column":1}},"3":{"start":{"line":8,"column":2},"end":{"line":13,"column":3}},"4":{"start":{"line":9,"column":4},"end":{"line":12,"column":7}},"5":{"start":{"line":14,"column":2},"end":{"line":14,"column":9}},"6":{"start":{"line":20,"column":21},"end":{"line":43,"column":1}},"7":{"start":{"line":21,"column":17},"end":{"line":30,"column":4}},"8":{"start":{"line":32,"column":20},"end":{"line":32,"column":68}},"9":{"start":{"line":34,"column":2},"end":{"line":40,"column":3}},"10":{"start":{"line":35,"column":4},"end":{"line":39,"column":7}},"11":{"start":{"line":38,"column":37},"end":{"line":38,"column":46}},"12":{"start":{"line":42,"column":2},"end":{"line":42,"column":9}},"13":{"start":{"line":48,"column":27},"end":{"line":73,"column":1}},"14":{"start":{"line":49,"column":17},"end":{"line":60,"column":4}},"15":{"start":{"line":62,"column":20},"end":{"line":62,"column":68}},"16":{"start":{"line":64,"column":2},"end":{"line":70,"column":3}},"17":{"start":{"line":65,"column":4},"end":{"line":69,"column":7}},"18":{"start":{"line":68,"column":37},"end":{"line":68,"column":46}},"19":{"start":{"line":72,"column":2},"end":{"line":72,"column":9}},"20":{"start":{"line":78,"column":25},"end":{"line":122,"column":1}},"21":{"start":{"line":79,"column":17},"end":{"line":109,"column":4}},"22":{"start":{"line":111,"column":20},"end":{"line":111,"column":68}},"23":{"start":{"line":113,"column":2},"end":{"line":119,"column":3}},"24":{"start":{"line":114,"column":4},"end":{"line":118,"column":7}},"25":{"start":{"line":117,"column":37},"end":{"line":117,"column":46}},"26":{"start":{"line":121,"column":2},"end":{"line":121,"column":9}},"27":{"start":{"line":127,"column":34},"end":{"line":152,"column":1}},"28":{"start":{"line":128,"column":17},"end":{"line":139,"column":4}},"29":{"start":{"line":141,"column":20},"end":{"line":141,"column":68}},"30":{"start":{"line":143,"column":2},"end":{"line":149,"column":3}},"31":{"start":{"line":144,"column":4},"end":{"line":148,"column":7}},"32":{"start":{"line":147,"column":37},"end":{"line":147,"column":46}},"33":{"start":{"line":151,"column":2},"end":{"line":151,"column":9}},"34":{"start":{"line":157,"column":34},"end":{"line":184,"column":1}},"35":{"start":{"line":158,"column":17},"end":{"line":171,"column":11}},"36":{"start":{"line":173,"column":20},"end":{"line":173,"column":68}},"37":{"start":{"line":175,"column":2},"end":{"line":181,"column":3}},"38":{"start":{"line":176,"column":4},"end":{"line":180,"column":7}},"39":{"start":{"line":179,"column":37},"end":{"line":179,"column":46}},"40":{"start":{"line":183,"column":2},"end":{"line":183,"column":9}},"41":{"start":{"line":189,"column":30},"end":{"line":221,"column":1}},"42":{"start":{"line":190,"column":17},"end":{"line":208,"column":4}},"43":{"start":{"line":210,"column":20},"end":{"line":210,"column":68}},"44":{"start":{"line":212,"column":2},"end":{"line":218,"column":3}},"45":{"start":{"line":213,"column":4},"end":{"line":217,"column":7}},"46":{"start":{"line":216,"column":37},"end":{"line":216,"column":46}},"47":{"start":{"line":220,"column":2},"end":{"line":220,"column":9}},"48":{"start":{"line":226,"column":30},"end":{"line":257,"column":1}},"49":{"start":{"line":227,"column":17},"end":{"line":244,"column":11}},"50":{"start":{"line":246,"column":20},"end":{"line":246,"column":68}},"51":{"start":{"line":248,"column":2},"end":{"line":254,"column":3}},"52":{"start":{"line":249,"column":4},"end":{"line":253,"column":7}},"53":{"start":{"line":252,"column":37},"end":{"line":252,"column":46}},"54":{"start":{"line":256,"column":2},"end":{"line":256,"column":9}},"55":{"start":{"line":262,"column":27},"end":{"line":285,"column":1}},"56":{"start":{"line":263,"column":17},"end":{"line":266,"column":4}},"57":{"start":{"line":268,"column":20},"end":{"line":268,"column":69}},"58":{"start":{"line":270,"column":2},"end":{"line":276,"column":3}},"59":{"start":{"line":271,"column":4},"end":{"line":275,"column":7}},"60":{"start":{"line":274,"column":37},"end":{"line":274,"column":46}},"61":{"start":{"line":279,"column":2},"end":{"line":282,"column":4}},"62":{"start":{"line":284,"column":2},"end":{"line":284,"column":9}},"63":{"start":{"line":287,"column":0},"end":{"line":297,"column":2}}},"fnMap":{"0":{"name":"(anonymous_0)","decl":{"start":{"line":7,"column":25},"end":{"line":7,"column":26}},"loc":{"start":{"line":7,"column":45},"end":{"line":15,"column":1}},"line":7},"1":{"name":"(anonymous_1)","decl":{"start":{"line":20,"column":21},"end":{"line":20,"column":22}},"loc":{"start":{"line":20,"column":41},"end":{"line":43,"column":1}},"line":20},"2":{"name":"(anonymous_2)","decl":{"start":{"line":38,"column":32},"end":{"line":38,"column":33}},"loc":{"start":{"line":38,"column":37},"end":{"line":38,"column":46}},"line":38},"3":{"name":"(anonymous_3)","decl":{"start":{"line":48,"column":27},"end":{"line":48,"column":28}},"loc":{"start":{"line":48,"column":47},"end":{"line":73,"column":1}},"line":48},"4":{"name":"(anonymous_4)","decl":{"start":{"line":68,"column":32},"end":{"line":68,"column":33}},"loc":{"start":{"line":68,"column":37},"end":{"line":68,"column":46}},"line":68},"5":{"name":"(anonymous_5)","decl":{"start":{"line":78,"column":25},"end":{"line":78,"column":26}},"loc":{"start":{"line":78,"column":45},"end":{"line":122,"column":1}},"line":78},"6":{"name":"(anonymous_6)","decl":{"start":{"line":117,"column":32},"end":{"line":117,"column":33}},"loc":{"start":{"line":117,"column":37},"end":{"line":117,"column":46}},"line":117},"7":{"name":"(anonymous_7)","decl":{"start":{"line":127,"column":34},"end":{"line":127,"column":35}},"loc":{"start":{"line":127,"column":54},"end":{"line":152,"column":1}},"line":127},"8":{"name":"(anonymous_8)","decl":{"start":{"line":147,"column":32},"end":{"line":147,"column":33}},"loc":{"start":{"line":147,"column":37},"end":{"line":147,"column":46}},"line":147},"9":{"name":"(anonymous_9)","decl":{"start":{"line":157,"column":34},"end":{"line":157,"column":35}},"loc":{"start":{"line":157,"column":54},"end":{"line":184,"column":1}},"line":157},"10":{"name":"(anonymous_10)","decl":{"start":{"line":179,"column":32},"end":{"line":179,"column":33}},"loc":{"start":{"line":179,"column":37},"end":{"line":179,"column":46}},"line":179},"11":{"name":"(anonymous_11)","decl":{"start":{"line":189,"column":30},"end":{"line":189,"column":31}},"loc":{"start":{"line":189,"column":50},"end":{"line":221,"column":1}},"line":189},"12":{"name":"(anonymous_12)","decl":{"start":{"line":216,"column":32},"end":{"line":216,"column":33}},"loc":{"start":{"line":216,"column":37},"end":{"line":216,"column":46}},"line":216},"13":{"name":"(anonymous_13)","decl":{"start":{"line":226,"column":30},"end":{"line":226,"column":31}},"loc":{"start":{"line":226,"column":50},"end":{"line":257,"column":1}},"line":226},"14":{"name":"(anonymous_14)","decl":{"start":{"line":252,"column":32},"end":{"line":252,"column":33}},"loc":{"start":{"line":252,"column":37},"end":{"line":252,"column":46}},"line":252},"15":{"name":"(anonymous_15)","decl":{"start":{"line":262,"column":27},"end":{"line":262,"column":28}},"loc":{"start":{"line":262,"column":47},"end":{"line":285,"column":1}},"line":262},"16":{"name":"(anonymous_16)","decl":{"start":{"line":274,"column":32},"end":{"line":274,"column":33}},"loc":{"start":{"line":274,"column":37},"end":{"line":274,"column":46}},"line":274}},"branchMap":{"0":{"loc":{"start":{"line":8,"column":2},"end":{"line":13,"column":3}},"type":"if","locations":[{"start":{"line":8,"column":2},"end":{"line":13,"column":3}},{"start":{},"end":{}}],"line":8},"1":{"loc":{"start":{"line":34,"column":2},"end":{"line":40,"column":3}},"type":"if","locations":[{"start":{"line":34,"column":2},"end":{"line":40,"column":3}},{"start":{},"end":{}}],"line":34},"2":{"loc":{"start":{"line":64,"column":2},"end":{"line":70,"column":3}},"type":"if","locations":[{"start":{"line":64,"column":2},"end":{"line":70,"column":3}},{"start":{},"end":{}}],"line":64},"3":{"loc":{"start":{"line":113,"column":2},"end":{"line":119,"column":3}},"type":"if","locations":[{"start":{"line":113,"column":2},"end":{"line":119,"column":3}},{"start":{},"end":{}}],"line":113},"4":{"loc":{"start":{"line":143,"column":2},"end":{"line":149,"column":3}},"type":"if","locations":[{"start":{"line":143,"column":2},"end":{"line":149,"column":3}},{"start":{},"end":{}}],"line":143},"5":{"loc":{"start":{"line":175,"column":2},"end":{"line":181,"column":3}},"type":"if","locations":[{"start":{"line":175,"column":2},"end":{"line":181,"column":3}},{"start":{},"end":{}}],"line":175},"6":{"loc":{"start":{"line":212,"column":2},"end":{"line":218,"column":3}},"type":"if","locations":[{"start":{"line":212,"column":2},"end":{"line":218,"column":3}},{"start":{},"end":{}}],"line":212},"7":{"loc":{"start":{"line":248,"column":2},"end":{"line":254,"column":3}},"type":"if","locations":[{"start":{"line":248,"column":2},"end":{"line":254,"column":3}},{"start":{},"end":{}}],"line":248},"8":{"loc":{"start":{"line":270,"column":2},"end":{"line":276,"column":3}},"type":"if","locations":[{"start":{"line":270,"column":2},"end":{"line":276,"column":3}},{"start":{},"end":{}}],"line":270},"9":{"loc":{"start":{"line":280,"column":10},"end":{"line":280,"column":39}},"type":"binary-expr","locations":[{"start":{"line":280,"column":10},"end":{"line":280,"column":34}},{"start":{"line":280,"column":38},"end":{"line":280,"column":39}}],"line":280},"10":{"loc":{"start":{"line":281,"column":11},"end":{"line":281,"column":42}},"type":"binary-expr","locations":[{"start":{"line":281,"column":11},"end":{"line":281,"column":36}},{"start":{"line":281,"column":40},"end":{"line":281,"column":42}}],"line":281}},"s":{"0":0,"1":0,"2":0,"3":0,"4":0,"5":0,"6":0,"7":0,"8":0,"9":0,"10":0,"11":0,"12":0,"13":0,"14":0,"15":0,"16":0,"17":0,"18":0,"19":0,"20":0,"21":0,"22":0,"23":0,"24":0,"25":0,"26":0,"27":0,"28":0,"29":0,"30":0,"31":0,"32":0,"33":0,"34":0,"35":0,"36":0,"37":0,"38":0,"39":0,"40":0,"41":0,"42":0,"43":0,"44":0,"45":0,"46":0,"47":0,"48":0,"49":0,"50":0,"51":0,"52":0,"53":0,"54":0,"55":0,"56":0,"57":0,"58":0,"59":0,"60":0,"61":0,"62":0,"63":0},"f":{"0":0,"1":0,"2":0,"3":0,"4":0,"5":0,"6":0,"7":0,"8":0,"9":0,"10":0,"11":0,"12":0,"13":0,"14":0,"15":0,"16":0},"b":{"0":[0,0],"1":[0,0],"2":[0,0],"3":[0,0],"4":[0,0],"5":[0,0],"6":[0,0],"7":[0,0],"8":[0,0],"9":[0,0],"10":[0,0]},"inputSourceMap":null}
,"E:\\BYU\\CSE341\\Final Project\\reservations-api\\models\\Property.js": {"path":"E:\\BYU\\CSE341\\Final Project\\reservations-api\\models\\Property.js","statementMap":{"0":{"start":{"line":1,"column":17},"end":{"line":1,"column":36}},"1":{"start":{"line":3,"column":19},"end":{"line":39,"column":18}},"2":{"start":{"line":29,"column":14},"end":{"line":29,"column":39}},"3":{"start":{"line":41,"column":23},"end":{"line":126,"column":2}},"4":{"start":{"line":129,"column":0},"end":{"line":129,"column":37}},"5":{"start":{"line":130,"column":0},"end":{"line":130,"column":44}},"6":{"start":{"line":131,"column":0},"end":{"line":131,"column":47}},"7":{"start":{"line":132,"column":0},"end":{"line":132,"column":38}},"8":{"start":{"line":133,"column":0},"end":{"line":133,"column":37}},"9":{"start":{"line":134,"column":0},"end":{"line":134,"column":51}},"10":{"start":{"line":135,"column":0},"end":{"line":135,"column":46}},"11":{"start":{"line":138,"column":0},"end":{"line":141,"column":3}},"12":{"start":{"line":139,"column":2},"end":{"line":139,"column":55}},"13":{"start":{"line":139,"column":46},"end":{"line":139,"column":55}},"14":{"start":{"line":140,"column":2},"end":{"line":140,"column":65}},"15":{"start":{"line":140,"column":44},"end":{"line":140,"column":62}},"16":{"start":{"line":144,"column":0},"end":{"line":147,"column":3}},"17":{"start":{"line":145,"column":2},"end":{"line":145,"column":55}},"18":{"start":{"line":145,"column":46},"end":{"line":145,"column":55}},"19":{"start":{"line":146,"column":2},"end":{"line":146,"column":60}},"20":{"start":{"line":146,"column":44},"end":{"line":146,"column":57}},"21":{"start":{"line":150,"column":0},"end":{"line":152,"column":2}},"22":{"start":{"line":151,"column":2},"end":{"line":151,"column":51}},"23":{"start":{"line":151,"column":33},"end":{"line":151,"column":49}},"24":{"start":{"line":155,"column":0},"end":{"line":160,"column":2}},"25":{"start":{"line":156,"column":2},"end":{"line":159,"column":5}},"26":{"start":{"line":163,"column":0},"end":{"line":168,"column":2}},"27":{"start":{"line":164,"column":2},"end":{"line":167,"column":5}},"28":{"start":{"line":170,"column":0},"end":{"line":170,"column":60}}},"fnMap":{"0":{"name":"(anonymous_0)","decl":{"start":{"line":29,"column":9},"end":{"line":29,"column":10}},"loc":{"start":{"line":29,"column":14},"end":{"line":29,"column":39}},"line":29},"1":{"name":"(anonymous_1)","decl":{"start":{"line":138,"column":39},"end":{"line":138,"column":40}},"loc":{"start":{"line":138,"column":50},"end":{"line":141,"column":1}},"line":138},"2":{"name":"(anonymous_2)","decl":{"start":{"line":140,"column":36},"end":{"line":140,"column":37}},"loc":{"start":{"line":140,"column":44},"end":{"line":140,"column":62}},"line":140},"3":{"name":"(anonymous_3)","decl":{"start":{"line":144,"column":42},"end":{"line":144,"column":43}},"loc":{"start":{"line":144,"column":53},"end":{"line":147,"column":1}},"line":144},"4":{"name":"(anonymous_4)","decl":{"start":{"line":146,"column":36},"end":{"line":146,"column":37}},"loc":{"start":{"line":146,"column":44},"end":{"line":146,"column":57}},"line":146},"5":{"name":"(anonymous_5)","decl":{"start":{"line":150,"column":43},"end":{"line":150,"column":44}},"loc":{"start":{"line":150,"column":54},"end":{"line":152,"column":1}},"line":150},"6":{"name":"(anonymous_6)","decl":{"start":{"line":151,"column":25},"end":{"line":151,"column":26}},"loc":{"start":{"line":151,"column":33},"end":{"line":151,"column":49}},"line":151},"7":{"name":"(anonymous_7)","decl":{"start":{"line":155,"column":36},"end":{"line":155,"column":37}},"loc":{"start":{"line":155,"column":51},"end":{"line":160,"column":1}},"line":155},"8":{"name":"(anonymous_8)","decl":{"start":{"line":163,"column":40},"end":{"line":163,"column":41}},"loc":{"start":{"line":163,"column":59},"end":{"line":168,"column":1}},"line":163}},"branchMap":{"0":{"loc":{"start":{"line":139,"column":2},"end":{"line":139,"column":55}},"type":"if","locations":[{"start":{"line":139,"column":2},"end":{"line":139,"column":55}},{"start":{},"end":{}}],"line":139},"1":{"loc":{"start":{"line":139,"column":6},"end":{"line":139,"column":44}},"type":"binary-expr","locations":[{"start":{"line":139,"column":6},"end":{"line":139,"column":17}},{"start":{"line":139,"column":21},"end":{"line":139,"column":44}}],"line":139},"2":{"loc":{"start":{"line":145,"column":2},"end":{"line":145,"column":55}},"type":"if","locations":[{"start":{"line":145,"column":2},"end":{"line":145,"column":55}},{"start":{},"end":{}}],"line":145},"3":{"loc":{"start":{"line":145,"column":6},"end":{"line":145,"column":44}},"type":"binary-expr","locations":[{"start":{"line":145,"column":6},"end":{"line":145,"column":17}},{"start":{"line":145,"column":21},"end":{"line":145,"column":44}}],"line":145}},"s":{"0":0,"1":0,"2":0,"3":0,"4":0,"5":0,"6":0,"7":0,"8":0,"9":0,"10":0,"11":0,"12":0,"13":0,"14":0,"15":0,"16":0,"17":0,"18":0,"19":0,"20":0,"21":0,"22":0,"23":0,"24":0,"25":0,"26":0,"27":0,"28":0},"f":{"0":0,"1":0,"2":0,"3":0,"4":0,"5":0,"6":0,"7":0,"8":0},"b":{"0":[0,0],"1":[0,0],"2":[0,0],"3":[0,0]},"inputSourceMap":null}
,"E:\\BYU\\CSE341\\Final Project\\reservations-api\\models\\Reservation.js": {"path":"E:\\BYU\\CSE341\\Final Project\\reservations-api\\models\\Reservation.js","statementMap":{"0":{"start":{"line":1,"column":17},"end":{"line":1,"column":36}},"1":{"start":{"line":3,"column":26},"end":{"line":52,"column":2}},"2":{"start":{"line":55,"column":0},"end":{"line":55,"column":39}},"3":{"start":{"line":56,"column":0},"end":{"line":56,"column":43}},"4":{"start":{"line":57,"column":0},"end":{"line":57,"column":39}},"5":{"start":{"line":58,"column":0},"end":{"line":58,"column":54}},"6":{"start":{"line":61,"column":0},"end":{"line":64,"column":3}},"7":{"start":{"line":62,"column":19},"end":{"line":62,"column":58}},"8":{"start":{"line":63,"column":2},"end":{"line":63,"column":53}},"9":{"start":{"line":67,"column":0},"end":{"line":70,"column":2}},"10":{"start":{"line":68,"column":14},"end":{"line":68,"column":24}},"11":{"start":{"line":69,"column":2},"end":{"line":69,"column":85}},"12":{"start":{"line":72,"column":0},"end":{"line":72,"column":66}}},"fnMap":{"0":{"name":"(anonymous_0)","decl":{"start":{"line":61,"column":46},"end":{"line":61,"column":47}},"loc":{"start":{"line":61,"column":57},"end":{"line":64,"column":1}},"line":61},"1":{"name":"(anonymous_1)","decl":{"start":{"line":67,"column":37},"end":{"line":67,"column":38}},"loc":{"start":{"line":67,"column":48},"end":{"line":70,"column":1}},"line":67}},"branchMap":{"0":{"loc":{"start":{"line":69,"column":9},"end":{"line":69,"column":84}},"type":"binary-expr","locations":[{"start":{"line":69,"column":9},"end":{"line":69,"column":30}},{"start":{"line":69,"column":34},"end":{"line":69,"column":53}},{"start":{"line":69,"column":57},"end":{"line":69,"column":84}}],"line":69}},"s":{"0":0,"1":0,"2":0,"3":0,"4":0,"5":0,"6":0,"7":0,"8":0,"9":0,"10":0,"11":0,"12":0},"f":{"0":0,"1":0},"b":{"0":[0,0,0]},"inputSourceMap":null}
,"E:\\BYU\\CSE341\\Final Project\\reservations-api\\models\\User.js": {"path":"E:\\BYU\\CSE341\\Final Project\\reservations-api\\models\\User.js","statementMap":{"0":{"start":{"line":1,"column":17},"end":{"line":1,"column":36}},"1":{"start":{"line":3,"column":19},"end":{"line":36,"column":2}},"2":{"start":{"line":39,"column":0},"end":{"line":41,"column":2}},"3":{"start":{"line":40,"column":2},"end":{"line":40,"column":31}},"4":{"start":{"line":43,"column":0},"end":{"line":45,"column":2}},"5":{"start":{"line":44,"column":2},"end":{"line":44,"column":34}},"6":{"start":{"line":47,"column":0},"end":{"line":49,"column":2}},"7":{"start":{"line":48,"column":2},"end":{"line":48,"column":30}},"8":{"start":{"line":52,"column":0},"end":{"line":61,"column":2}},"9":{"start":{"line":53,"column":2},"end":{"line":60,"column":4}},"10":{"start":{"line":63,"column":0},"end":{"line":63,"column":52}}},"fnMap":{"0":{"name":"(anonymous_0)","decl":{"start":{"line":39,"column":29},"end":{"line":39,"column":30}},"loc":{"start":{"line":39,"column":40},"end":{"line":41,"column":1}},"line":39},"1":{"name":"(anonymous_1)","decl":{"start":{"line":43,"column":32},"end":{"line":43,"column":33}},"loc":{"start":{"line":43,"column":43},"end":{"line":45,"column":1}},"line":43},"2":{"name":"(anonymous_2)","decl":{"start":{"line":47,"column":28},"end":{"line":47,"column":29}},"loc":{"start":{"line":47,"column":39},"end":{"line":49,"column":1}},"line":47},"3":{"name":"(anonymous_3)","decl":{"start":{"line":52,"column":38},"end":{"line":52,"column":39}},"loc":{"start":{"line":52,"column":49},"end":{"line":61,"column":1}},"line":52}},"branchMap":{},"s":{"0":0,"1":0,"2":0,"3":0,"4":0,"5":0,"6":0,"7":0,"8":0,"9":0,"10":0},"f":{"0":0,"1":0,"2":0,"3":0},"b":{},"inputSourceMap":null}
,"E:\\BYU\\CSE341\\Final Project\\reservations-api\\models\\Vehicle.js": {"path":"E:\\BYU\\CSE341\\Final Project\\reservations-api\\models\\Vehicle.js","statementMap":{"0":{"start":{"line":1,"column":17},"end":{"line":1,"column":36}},"1":{"start":{"line":3,"column":22},"end":{"line":86,"column":2}},"2":{"start":{"line":89,"column":0},"end":{"line":89,"column":39}},"3":{"start":{"line":90,"column":0},"end":{"line":90,"column":33}},"4":{"start":{"line":91,"column":0},"end":{"line":91,"column":37}},"5":{"start":{"line":92,"column":0},"end":{"line":92,"column":40}},"6":{"start":{"line":93,"column":0},"end":{"line":93,"column":40}},"7":{"start":{"line":96,"column":0},"end":{"line":98,"column":3}},"8":{"start":{"line":97,"column":2},"end":{"line":97,"column":51}},"9":{"start":{"line":100,"column":0},"end":{"line":100,"column":58}}},"fnMap":{"0":{"name":"(anonymous_0)","decl":{"start":{"line":96,"column":41},"end":{"line":96,"column":42}},"loc":{"start":{"line":96,"column":52},"end":{"line":98,"column":1}},"line":96}},"branchMap":{},"s":{"0":0,"1":0,"2":0,"3":0,"4":0,"5":0,"6":0,"7":0,"8":0,"9":0},"f":{"0":0},"b":{},"inputSourceMap":null}
,"E:\\BYU\\CSE341\\Final Project\\reservations-api\\routes\\auth.js": {"path":"E:\\BYU\\CSE341\\Final Project\\reservations-api\\routes\\auth.js","statementMap":{"0":{"start":{"line":1,"column":16},"end":{"line":1,"column":34}},"1":{"start":{"line":2,"column":15},"end":{"line":2,"column":31}},"2":{"start":{"line":30,"column":0},"end":{"line":48,"column":3}},"3":{"start":{"line":31,"column":2},"end":{"line":47,"column":3}},"4":{"start":{"line":32,"column":4},"end":{"line":38,"column":7}},"5":{"start":{"line":40,"column":4},"end":{"line":46,"column":7}},"6":{"start":{"line":50,"column":0},"end":{"line":50,"column":24}}},"fnMap":{"0":{"name":"(anonymous_0)","decl":{"start":{"line":30,"column":22},"end":{"line":30,"column":23}},"loc":{"start":{"line":30,"column":36},"end":{"line":48,"column":1}},"line":30}},"branchMap":{"0":{"loc":{"start":{"line":31,"column":2},"end":{"line":47,"column":3}},"type":"if","locations":[{"start":{"line":31,"column":2},"end":{"line":47,"column":3}},{"start":{"line":39,"column":9},"end":{"line":47,"column":3}}],"line":31}},"s":{"0":0,"1":0,"2":0,"3":0,"4":0,"5":0,"6":0},"f":{"0":0},"b":{"0":[0,0]},"inputSourceMap":null}
,"E:\\BYU\\CSE341\\Final Project\\reservations-api\\routes\\properties.js": {"path":"E:\\BYU\\CSE341\\Final Project\\reservations-api\\routes\\properties.js","statementMap":{"0":{"start":{"line":1,"column":16},"end":{"line":1,"column":34}},"1":{"start":{"line":2,"column":15},"end":{"line":2,"column":31}},"2":{"start":{"line":9,"column":4},"end":{"line":9,"column":50}},"3":{"start":{"line":10,"column":47},"end":{"line":10,"column":82}},"4":{"start":{"line":11,"column":28},"end":{"line":11,"column":72}},"5":{"start":{"line":14,"column":64},"end":{"line":14,"column":93}},"6":{"start":{"line":103,"column":0},"end":{"line":103,"column":34}},"7":{"start":{"line":139,"column":0},"end":{"line":139,"column":54}},"8":{"start":{"line":271,"column":0},"end":{"line":271,"column":109}},"9":{"start":{"line":398,"column":0},"end":{"line":398,"column":100}},"10":{"start":{"line":441,"column":0},"end":{"line":441,"column":85}},"11":{"start":{"line":443,"column":0},"end":{"line":443,"column":24}}},"fnMap":{},"branchMap":{},"s":{"0":0,"1":0,"2":0,"3":0,"4":0,"5":0,"6":0,"7":0,"8":0,"9":0,"10":0,"11":0},"f":{},"b":{},"inputSourceMap":null}
,"E:\\BYU\\CSE341\\Final Project\\reservations-api\\routes\\reservations.js": {"path":"E:\\BYU\\CSE341\\Final Project\\reservations-api\\routes\\reservations.js","statementMap":{"0":{"start":{"line":1,"column":16},"end":{"line":1,"column":34}},"1":{"start":{"line":2,"column":15},"end":{"line":2,"column":31}},"2":{"start":{"line":9,"column":4},"end":{"line":9,"column":52}},"3":{"start":{"line":10,"column":83},"end":{"line":10,"column":118}},"4":{"start":{"line":13,"column":40},"end":{"line":13,"column":69}},"5":{"start":{"line":80,"column":0},"end":{"line":80,"column":49}},"6":{"start":{"line":118,"column":0},"end":{"line":118,"column":70}},"7":{"start":{"line":182,"column":0},"end":{"line":182,"column":76}},"8":{"start":{"line":240,"column":0},"end":{"line":240,"column":112}},"9":{"start":{"line":272,"column":0},"end":{"line":272,"column":88}},"10":{"start":{"line":274,"column":0},"end":{"line":274,"column":24}}},"fnMap":{},"branchMap":{},"s":{"0":0,"1":0,"2":0,"3":0,"4":0,"5":0,"6":0,"7":0,"8":0,"9":0,"10":0},"f":{},"b":{},"inputSourceMap":null}
,"E:\\BYU\\CSE341\\Final Project\\reservations-api\\routes\\users.js": {"path":"E:\\BYU\\CSE341\\Final Project\\reservations-api\\routes\\users.js","statementMap":{"0":{"start":{"line":1,"column":16},"end":{"line":1,"column":34}},"1":{"start":{"line":2,"column":15},"end":{"line":2,"column":31}},"2":{"start":{"line":9,"column":4},"end":{"line":9,"column":45}},"3":{"start":{"line":14,"column":4},"end":{"line":14,"column":39}},"4":{"start":{"line":17,"column":38},"end":{"line":17,"column":67}},"5":{"start":{"line":64,"column":0},"end":{"line":64,"column":56}},"6":{"start":{"line":90,"column":0},"end":{"line":90,"column":77}},"7":{"start":{"line":131,"column":0},"end":{"line":131,"column":70}},"8":{"start":{"line":175,"column":0},"end":{"line":175,"column":96}},"9":{"start":{"line":201,"column":0},"end":{"line":201,"column":79}},"10":{"start":{"line":203,"column":0},"end":{"line":203,"column":24}}},"fnMap":{},"branchMap":{},"s":{"0":0,"1":0,"2":0,"3":0,"4":0,"5":0,"6":0,"7":0,"8":0,"9":0,"10":0},"f":{},"b":{},"inputSourceMap":null}
,"E:\\BYU\\CSE341\\Final Project\\reservations-api\\routes\\vehicles.js": {"path":"E:\\BYU\\CSE341\\Final Project\\reservations-api\\routes\\vehicles.js","statementMap":{"0":{"start":{"line":1,"column":16},"end":{"line":1,"column":34}},"1":{"start":{"line":2,"column":15},"end":{"line":2,"column":31}},"2":{"start":{"line":9,"column":4},"end":{"line":9,"column":48}},"3":{"start":{"line":10,"column":75},"end":{"line":10,"column":110}},"4":{"start":{"line":13,"column":64},"end":{"line":13,"column":93}},"5":{"start":{"line":83,"column":0},"end":{"line":83,"column":32}},"6":{"start":{"line":115,"column":0},"end":{"line":115,"column":53}},"7":{"start":{"line":194,"column":0},"end":{"line":194,"column":92}},"8":{"start":{"line":252,"column":0},"end":{"line":252,"column":104}},"9":{"start":{"line":284,"column":0},"end":{"line":284,"column":84}},"10":{"start":{"line":286,"column":0},"end":{"line":286,"column":24}}},"fnMap":{},"branchMap":{},"s":{"0":0,"1":0,"2":0,"3":0,"4":0,"5":0,"6":0,"7":0,"8":0,"9":0,"10":0},"f":{},"b":{},"inputSourceMap":null}
}
