TN:
SF:controllers\authController.js
FN:6,(anonymous_0)
FN:50,(anonymous_1)
FN:100,(anonymous_2)
FNF:3
FNH:0
FNDA:0,(anonymous_0)
FNDA:0,(anonymous_1)
FNDA:0,(anonymous_2)
DA:1,0
DA:2,0
DA:6,0
DA:7,0
DA:8,0
DA:11,0
DA:12,0
DA:13,0
DA:19,0
DA:27,0
DA:30,0
DA:32,0
DA:44,0
DA:50,0
DA:51,0
DA:52,0
DA:54,0
DA:55,0
DA:61,0
DA:63,0
DA:64,0
DA:70,0
DA:72,0
DA:73,0
DA:80,0
DA:82,0
DA:94,0
DA:100,0
DA:101,0
DA:103,0
DA:108,0
DA:112,0
LF:32
LH:0
BRDA:12,0,0,0
BRDA:12,0,1,0
BRDA:23,1,0,0
BRDA:23,1,1,0
BRDA:24,2,0,0
BRDA:24,2,1,0
BRDA:54,3,0,0
BRDA:54,3,1,0
BRDA:54,4,0,0
BRDA:54,4,1,0
BRDA:63,5,0,0
BRDA:63,5,1,0
BRDA:72,6,0,0
BRDA:72,6,1,0
BRF:14
BRH:0
end_of_record
TN:
SF:controllers\propertiesController.js
FN:5,(anonymous_0)
FN:117,(anonymous_1)
FN:135,(anonymous_2)
FN:153,(anonymous_3)
FN:175,(anonymous_4)
FNF:5
FNH:0
FNDA:0,(anonymous_0)
FNDA:0,(anonymous_1)
FNDA:0,(anonymous_2)
FNDA:0,(anonymous_3)
FNDA:0,(anonymous_4)
DA:1,0
DA:5,0
DA:6,0
DA:7,0
DA:8,0
DA:9,0
DA:11,0
DA:14,0
DA:16,0
DA:17,0
DA:20,0
DA:21,0
DA:25,0
DA:26,0
DA:27,0
DA:36,0
DA:81,0
DA:82,0
DA:84,0
DA:92,0
DA:93,0
DA:95,0
DA:98,0
DA:100,0
DA:112,0
DA:113,0
DA:117,0
DA:118,0
DA:119,0
DA:122,0
DA:123,0
DA:125,0
DA:126,0
DA:128,0
DA:131,0
DA:135,0
DA:136,0
DA:137,0
DA:138,0
DA:140,0
DA:142,0
DA:149,0
DA:153,0
DA:154,0
DA:155,0
DA:161,0
DA:162,0
DA:164,0
DA:171,0
DA:175,0
DA:176,0
DA:177,0
DA:183,0
DA:184,0
DA:186,0
DA:197,0
DA:201,0
LF:57
LH:0
BRDA:7,0,0,0
BRDA:7,0,1,0
BRDA:8,1,0,0
BRDA:8,1,1,0
BRDA:16,2,0,0
BRDA:16,2,1,0
BRDA:17,3,0,0
BRDA:17,3,1,0
BRDA:20,4,0,0
BRDA:20,4,1,0
BRDA:26,5,0,0
BRDA:26,5,1,0
BRDA:26,6,0,0
BRDA:26,6,1,0
BRDA:29,7,0,0
BRDA:29,7,1,0
BRDA:30,8,0,0
BRDA:30,8,1,0
BRDA:40,9,0,0
BRDA:40,9,1,0
BRDA:82,10,0,0
BRDA:82,10,1,0
BRDA:93,11,0,0
BRDA:93,11,1,0
BRDA:122,12,0,0
BRDA:122,12,1,0
BRDA:125,13,0,0
BRDA:125,13,1,0
BRDA:161,14,0,0
BRDA:161,14,1,0
BRDA:183,15,0,0
BRDA:183,15,1,0
BRF:32
BRH:0
end_of_record
TN:
SF:controllers\reservationsController.js
FN:5,(anonymous_0)
FN:55,(anonymous_1)
FN:66,(anonymous_2)
FN:102,(anonymous_3)
FN:151,(anonymous_4)
FN:250,(anonymous_5)
FN:295,(anonymous_6)
FN:308,(anonymous_7)
FN:374,(anonymous_8)
FN:433,(anonymous_9)
FN:467,(anonymous_10)
FN:472,(anonymous_11)
FN:484,(anonymous_12)
FNF:13
FNH:0
FNDA:0,(anonymous_0)
FNDA:0,(anonymous_1)
FNDA:0,(anonymous_2)
FNDA:0,(anonymous_3)
FNDA:0,(anonymous_4)
FNDA:0,(anonymous_5)
FNDA:0,(anonymous_6)
FNDA:0,(anonymous_7)
FNDA:0,(anonymous_8)
FNDA:0,(anonymous_9)
FNDA:0,(anonymous_10)
FNDA:0,(anonymous_11)
FNDA:0,(anonymous_12)
DA:1,0
DA:2,0
DA:5,0
DA:6,0
DA:7,0
DA:8,0
DA:9,0
DA:10,0
DA:13,0
DA:16,0
DA:17,0
DA:20,0
DA:21,0
DA:26,0
DA:27,0
DA:29,0
DA:30,0
DA:33,0
DA:34,0
DA:38,0
DA:45,0
DA:47,0
DA:55,0
DA:61,0
DA:66,0
DA:67,0
DA:68,0
DA:72,0
DA:73,0
DA:80,0
DA:82,0
DA:88,0
DA:97,0
DA:102,0
DA:103,0
DA:105,0
DA:106,0
DA:113,0
DA:120,0
DA:121,0
DA:123,0
DA:124,0
DA:130,0
DA:131,0
DA:138,0
DA:143,0
DA:144,0
DA:151,0
DA:152,0
DA:153,0
DA:160,0
DA:161,0
DA:168,0
DA:169,0
DA:176,0
DA:196,0
DA:197,0
DA:208,0
DA:209,0
DA:212,0
DA:213,0
DA:216,0
DA:217,0
DA:224,0
DA:225,0
DA:228,0
DA:229,0
DA:231,0
DA:245,0
DA:250,0
DA:251,0
DA:253,0
DA:256,0
DA:257,0
DA:264,0
DA:266,0
DA:273,0
DA:276,0
DA:282,0
DA:284,0
DA:285,0
DA:288,0
DA:289,0
DA:292,0
DA:294,0
DA:295,0
DA:297,0
DA:298,0
DA:304,0
DA:308,0
DA:309,0
DA:310,0
DA:315,0
DA:316,0
DA:317,0
DA:320,0
DA:321,0
DA:322,0
DA:324,0
DA:325,0
DA:332,0
DA:345,0
DA:346,0
DA:355,0
DA:363,0
DA:369,0
DA:374,0
DA:375,0
DA:376,0
DA:378,0
DA:379,0
DA:386,0
DA:388,0
DA:395,0
DA:397,0
DA:398,0
DA:405,0
DA:406,0
DA:413,0
DA:415,0
DA:428,0
DA:433,0
DA:434,0
DA:435,0
DA:436,0
DA:437,0
DA:438,0
DA:440,0
DA:441,0
DA:443,0
DA:449,0
DA:452,0
DA:457,0
DA:468,0
DA:469,0
DA:472,0
DA:479,0
DA:484,0
DA:485,0
DA:486,0
DA:487,0
DA:489,0
DA:490,0
DA:496,0
DA:498,0
DA:499,0
DA:506,0
DA:507,0
DA:508,0
DA:515,0
DA:516,0
DA:523,0
DA:524,0
DA:531,0
DA:537,0
DA:543,0
DA:547,0
LF:157
LH:0
BRDA:7,0,0,0
BRDA:7,0,1,0
BRDA:8,1,0,0
BRDA:8,1,1,0
BRDA:16,2,0,0
BRDA:16,2,1,0
BRDA:20,3,0,0
BRDA:20,3,1,0
BRDA:26,4,0,0
BRDA:26,4,1,0
BRDA:27,5,0,0
BRDA:27,5,1,0
BRDA:29,6,0,0
BRDA:29,6,1,0
BRDA:33,7,0,0
BRDA:33,7,1,0
BRDA:72,8,0,0
BRDA:72,8,1,0
BRDA:80,9,0,0
BRDA:80,9,1,0
BRDA:80,10,0,0
BRDA:80,10,1,0
BRDA:105,11,0,0
BRDA:105,11,1,0
BRDA:123,12,0,0
BRDA:123,12,1,0
BRDA:130,13,0,0
BRDA:130,13,1,0
BRDA:143,14,0,0
BRDA:143,14,1,0
BRDA:152,15,0,0
BRDA:152,15,1,0
BRDA:160,16,0,0
BRDA:160,16,1,0
BRDA:168,17,0,0
BRDA:168,17,1,0
BRDA:196,18,0,0
BRDA:196,18,1,0
BRDA:216,19,0,0
BRDA:216,19,1,0
BRDA:256,20,0,0
BRDA:256,20,1,0
BRDA:264,21,0,0
BRDA:264,21,1,0
BRDA:264,22,0,0
BRDA:264,22,1,0
BRDA:276,23,0,0
BRDA:276,23,1,0
BRDA:284,24,0,0
BRDA:284,24,1,0
BRDA:288,25,0,0
BRDA:288,25,1,0
BRDA:292,26,0,0
BRDA:292,26,1,0
BRDA:297,27,0,0
BRDA:297,27,1,0
BRDA:309,28,0,0
BRDA:309,28,1,0
BRDA:320,29,0,0
BRDA:320,29,1,0
BRDA:320,30,0,0
BRDA:320,30,1,0
BRDA:321,31,0,0
BRDA:321,31,1,0
BRDA:322,32,0,0
BRDA:322,32,1,0
BRDA:324,33,0,0
BRDA:324,33,1,0
BRDA:345,34,0,0
BRDA:345,34,1,0
BRDA:378,35,0,0
BRDA:378,35,1,0
BRDA:386,36,0,0
BRDA:386,36,1,0
BRDA:386,37,0,0
BRDA:386,37,1,0
BRDA:395,38,0,0
BRDA:395,38,1,0
BRDA:397,39,0,0
BRDA:397,39,1,0
BRDA:405,40,0,0
BRDA:405,40,1,0
BRDA:435,41,0,0
BRDA:435,41,1,0
BRDA:436,42,0,0
BRDA:436,42,1,0
BRDA:441,43,0,0
BRDA:441,43,1,0
BRDA:489,44,0,0
BRDA:489,44,1,0
BRDA:498,45,0,0
BRDA:498,45,1,0
BRDA:506,46,0,0
BRDA:506,46,1,0
BRDA:507,47,0,0
BRDA:507,47,1,0
BRDA:515,48,0,0
BRDA:515,48,1,0
BRDA:523,49,0,0
BRDA:523,49,1,0
BRF:100
BRH:0
end_of_record
TN:
SF:controllers\usersController.js
FN:4,(anonymous_0)
FN:41,(anonymous_1)
FN:62,(anonymous_2)
FN:94,(anonymous_3)
FN:132,(anonymous_4)
FNF:5
FNH:0
FNDA:0,(anonymous_0)
FNDA:0,(anonymous_1)
FNDA:0,(anonymous_2)
FNDA:0,(anonymous_3)
FNDA:0,(anonymous_4)
DA:1,0
DA:4,0
DA:5,0
DA:6,0
DA:7,0
DA:8,0
DA:9,0
DA:12,0
DA:13,0
DA:14,0
DA:17,0
DA:22,0
DA:24,0
DA:35,0
DA:36,0
DA:41,0
DA:42,0
DA:43,0
DA:45,0
DA:46,0
DA:52,0
DA:57,0
DA:62,0
DA:63,0
DA:64,0
DA:67,0
DA:68,0
DA:69,0
DA:75,0
DA:81,0
DA:83,0
DA:89,0
DA:94,0
DA:95,0
DA:96,0
DA:98,0
DA:104,0
DA:114,0
DA:115,0
DA:121,0
DA:127,0
DA:132,0
DA:133,0
DA:134,0
DA:136,0
DA:137,0
DA:143,0
DA:153,0
DA:157,0
LF:49
LH:0
BRDA:6,0,0,0
BRDA:6,0,1,0
BRDA:7,1,0,0
BRDA:7,1,1,0
BRDA:13,2,0,0
BRDA:13,2,1,0
BRDA:13,3,0,0
BRDA:13,3,1,0
BRDA:45,4,0,0
BRDA:45,4,1,0
BRDA:68,5,0,0
BRDA:68,5,1,0
BRDA:78,6,0,0
BRDA:78,6,1,0
BRDA:99,7,0,0
BRDA:99,7,1,0
BRDA:100,8,0,0
BRDA:100,8,1,0
BRDA:101,9,0,0
BRDA:101,9,1,0
BRDA:114,10,0,0
BRDA:114,10,1,0
BRDA:136,11,0,0
BRDA:136,11,1,0
BRF:24
BRH:0
end_of_record
TN:
SF:controllers\vehiclesController.js
FN:5,(anonymous_0)
FN:43,(anonymous_1)
FN:65,(anonymous_2)
FN:94,(anonymous_3)
FN:136,(anonymous_4)
FNF:5
FNH:0
FNDA:0,(anonymous_0)
FNDA:0,(anonymous_1)
FNDA:0,(anonymous_2)
FNDA:0,(anonymous_3)
FNDA:0,(anonymous_4)
DA:1,0
DA:2,0
DA:5,0
DA:6,0
DA:7,0
DA:8,0
DA:9,0
DA:10,0
DA:12,0
DA:13,0
DA:14,0
DA:15,0
DA:16,0
DA:17,0
DA:19,0
DA:25,0
DA:27,0
DA:38,0
DA:43,0
DA:44,0
DA:45,0
DA:48,0
DA:49,0
DA:55,0
DA:60,0
DA:65,0
DA:66,0
DA:71,0
DA:72,0
DA:73,0
DA:79,0
DA:80,0
DA:81,0
DA:83,0
DA:89,0
DA:94,0
DA:95,0
DA:97,0
DA:99,0
DA:100,0
DA:108,0
DA:111,0
DA:112,0
DA:119,0
DA:125,0
DA:131,0
DA:136,0
DA:137,0
DA:138,0
DA:140,0
DA:141,0
DA:147,0
DA:158,0
DA:162,0
LF:54
LH:0
BRDA:7,0,0,0
BRDA:7,0,1,0
BRDA:8,1,0,0
BRDA:8,1,1,0
BRDA:13,2,0,0
BRDA:13,2,1,0
BRDA:14,3,0,0
BRDA:14,3,1,0
BRDA:15,4,0,0
BRDA:15,4,1,0
BRDA:16,5,0,0
BRDA:16,5,1,0
BRDA:17,6,0,0
BRDA:17,6,1,0
BRDA:48,7,0,0
BRDA:48,7,1,0
BRDA:72,8,0,0
BRDA:72,8,1,0
BRDA:99,9,0,0
BRDA:99,9,1,0
BRDA:108,10,0,0
BRDA:108,10,1,0
BRDA:111,11,0,0
BRDA:111,11,1,0
BRDA:140,12,0,0
BRDA:140,12,1,0
BRF:26
BRH:0
end_of_record
TN:
SF:middleware\auth.js
FN:4,(anonymous_0)
FN:23,(anonymous_1)
FN:39,(anonymous_2)
FN:55,(anonymous_3)
FN:88,(anonymous_4)
FNF:5
FNH:0
FNDA:0,(anonymous_0)
FNDA:0,(anonymous_1)
FNDA:0,(anonymous_2)
FNDA:0,(anonymous_3)
FNDA:0,(anonymous_4)
DA:4,0
DA:5,0
DA:6,0
DA:7,0
DA:8,0
DA:10,0
DA:11,0
DA:12,0
DA:15,0
DA:16,0
DA:23,0
DA:24,0
DA:25,0
DA:27,0
DA:28,0
DA:29,0
DA:32,0
DA:33,0
DA:39,0
DA:40,0
DA:41,0
DA:43,0
DA:44,0
DA:45,0
DA:48,0
DA:49,0
DA:55,0
DA:56,0
DA:57,0
DA:58,0
DA:59,0
DA:61,0
DA:62,0
DA:63,0
DA:64,0
DA:68,0
DA:69,0
DA:70,0
DA:74,0
DA:75,0
DA:76,0
DA:80,0
DA:81,0
DA:88,0
DA:89,0
DA:90,0
DA:91,0
DA:92,0
DA:95,0
LF:49
LH:0
BRDA:8,0,0,0
BRDA:8,0,1,0
BRDA:10,1,0,0
BRDA:10,1,1,0
BRDA:25,2,0,0
BRDA:25,2,1,0
BRDA:27,3,0,0
BRDA:27,3,1,0
BRDA:27,4,0,0
BRDA:27,4,1,0
BRDA:41,5,0,0
BRDA:41,5,1,0
BRDA:43,6,0,0
BRDA:43,6,1,0
BRDA:43,7,0,0
BRDA:43,7,1,0
BRDA:43,7,2,0
BRDA:57,8,0,0
BRDA:57,8,1,0
BRDA:59,9,0,0
BRDA:59,9,1,0
BRDA:61,10,0,0
BRDA:61,10,1,0
BRDA:62,11,0,0
BRDA:62,11,1,0
BRDA:68,12,0,0
BRDA:68,12,1,0
BRDA:68,13,0,0
BRDA:68,13,1,0
BRDA:74,14,0,0
BRDA:74,14,1,0
BRDA:74,15,0,0
BRDA:74,15,1,0
BRDA:91,16,0,0
BRDA:91,16,1,0
BRF:35
BRH:0
end_of_record
TN:
SF:middleware\errorHandler.js
FN:1,(anonymous_0)
FN:34,(anonymous_1)
FN:44,(anonymous_2)
FNF:3
FNH:0
FNDA:0,(anonymous_0)
FNDA:0,(anonymous_1)
FNDA:0,(anonymous_2)
DA:1,0
DA:2,0
DA:3,0
DA:6,0
DA:14,0
DA:15,0
DA:16,0
DA:23,0
DA:24,0
DA:25,0
DA:26,0
DA:33,0
DA:34,0
DA:35,0
DA:42,0
DA:43,0
DA:44,0
DA:49,0
DA:56,0
LF:19
LH:0
BRDA:14,0,0,0
BRDA:14,0,1,0
BRDA:23,1,0,0
BRDA:23,1,1,0
BRDA:33,2,0,0
BRDA:33,2,1,0
BRDA:42,3,0,0
BRDA:42,3,1,0
BRDA:49,4,0,0
BRDA:49,4,1,0
BRDA:51,5,0,0
BRDA:51,5,1,0
BRDA:52,6,0,0
BRDA:52,6,1,0
BRF:14
BRH:0
end_of_record
TN:
SF:middleware\validateOwnerExists.js
FN:5,(anonymous_0)
FNF:1
FNH:0
FNDA:0,(anonymous_0)
DA:3,0
DA:5,0
DA:6,0
DA:7,0
DA:9,0
DA:10,0
DA:17,0
DA:18,0
DA:24,0
DA:26,0
DA:27,0
DA:34,0
DA:35,0
DA:42,0
DA:43,0
DA:45,0
DA:46,0
DA:53,0
LF:18
LH:0
BRDA:9,0,0,0
BRDA:9,0,1,0
BRDA:17,1,0,0
BRDA:17,1,1,0
BRDA:26,2,0,0
BRDA:26,2,1,0
BRDA:34,3,0,0
BRDA:34,3,1,0
BRDA:34,4,0,0
BRDA:34,4,1,0
BRF:10
BRH:0
end_of_record
TN:
SF:middleware\validation.js
FN:7,(anonymous_0)
FN:20,(anonymous_1)
FN:38,(anonymous_2)
FN:48,(anonymous_3)
FN:68,(anonymous_4)
FN:78,(anonymous_5)
FN:117,(anonymous_6)
FN:127,(anonymous_7)
FN:147,(anonymous_8)
FN:157,(anonymous_9)
FN:179,(anonymous_10)
FN:189,(anonymous_11)
FN:216,(anonymous_12)
FN:226,(anonymous_13)
FN:252,(anonymous_14)
FN:262,(anonymous_15)
FN:274,(anonymous_16)
FNF:17
FNH:0
FNDA:0,(anonymous_0)
FNDA:0,(anonymous_1)
FNDA:0,(anonymous_2)
FNDA:0,(anonymous_3)
FNDA:0,(anonymous_4)
FNDA:0,(anonymous_5)
FNDA:0,(anonymous_6)
FNDA:0,(anonymous_7)
FNDA:0,(anonymous_8)
FNDA:0,(anonymous_9)
FNDA:0,(anonymous_10)
FNDA:0,(anonymous_11)
FNDA:0,(anonymous_12)
FNDA:0,(anonymous_13)
FNDA:0,(anonymous_14)
FNDA:0,(anonymous_15)
FNDA:0,(anonymous_16)
DA:1,0
DA:2,0
DA:7,0
DA:8,0
DA:9,0
DA:14,0
DA:20,0
DA:21,0
DA:32,0
DA:34,0
DA:35,0
DA:38,0
DA:42,0
DA:48,0
DA:49,0
DA:62,0
DA:64,0
DA:65,0
DA:68,0
DA:72,0
DA:78,0
DA:79,0
DA:111,0
DA:113,0
DA:114,0
DA:117,0
DA:121,0
DA:127,0
DA:128,0
DA:141,0
DA:143,0
DA:144,0
DA:147,0
DA:151,0
DA:157,0
DA:158,0
DA:173,0
DA:175,0
DA:176,0
DA:179,0
DA:183,0
DA:189,0
DA:190,0
DA:210,0
DA:212,0
DA:213,0
DA:216,0
DA:220,0
DA:226,0
DA:227,0
DA:246,0
DA:248,0
DA:249,0
DA:252,0
DA:256,0
DA:262,0
DA:263,0
DA:268,0
DA:270,0
DA:271,0
DA:274,0
DA:279,0
DA:284,0
DA:287,0
LF:64
LH:0
BRDA:8,0,0,0
BRDA:8,0,1,0
BRDA:34,1,0,0
BRDA:34,1,1,0
BRDA:64,2,0,0
BRDA:64,2,1,0
BRDA:113,3,0,0
BRDA:113,3,1,0
BRDA:143,4,0,0
BRDA:143,4,1,0
BRDA:175,5,0,0
BRDA:175,5,1,0
BRDA:212,6,0,0
BRDA:212,6,1,0
BRDA:248,7,0,0
BRDA:248,7,1,0
BRDA:270,8,0,0
BRDA:270,8,1,0
BRDA:280,9,0,0
BRDA:280,9,1,0
BRDA:281,10,0,0
BRDA:281,10,1,0
BRF:22
BRH:0
end_of_record
TN:
SF:models\Property.js
FN:29,(anonymous_0)
FN:138,(anonymous_1)
FN:140,(anonymous_2)
FN:144,(anonymous_3)
FN:146,(anonymous_4)
FN:150,(anonymous_5)
FN:151,(anonymous_6)
FN:155,(anonymous_7)
FN:163,(anonymous_8)
FNF:9
FNH:0
FNDA:0,(anonymous_0)
FNDA:0,(anonymous_1)
FNDA:0,(anonymous_2)
FNDA:0,(anonymous_3)
FNDA:0,(anonymous_4)
FNDA:0,(anonymous_5)
FNDA:0,(anonymous_6)
FNDA:0,(anonymous_7)
FNDA:0,(anonymous_8)
DA:1,0
DA:3,0
DA:29,0
DA:41,0
DA:129,0
DA:130,0
DA:131,0
DA:132,0
DA:133,0
DA:134,0
DA:135,0
DA:138,0
DA:139,0
DA:140,0
DA:144,0
DA:145,0
DA:146,0
DA:150,0
DA:151,0
DA:155,0
DA:156,0
DA:163,0
DA:164,0
DA:170,0
LF:24
LH:0
BRDA:139,0,0,0
BRDA:139,0,1,0
BRDA:139,1,0,0
BRDA:139,1,1,0
BRDA:145,2,0,0
BRDA:145,2,1,0
BRDA:145,3,0,0
BRDA:145,3,1,0
BRF:8
BRH:0
end_of_record
TN:
SF:models\Reservation.js
FN:61,(anonymous_0)
FN:67,(anonymous_1)
FNF:2
FNH:0
FNDA:0,(anonymous_0)
FNDA:0,(anonymous_1)
DA:1,0
DA:3,0
DA:55,0
DA:56,0
DA:57,0
DA:58,0
DA:61,0
DA:62,0
DA:63,0
DA:67,0
DA:68,0
DA:69,0
DA:72,0
LF:13
LH:0
BRDA:69,0,0,0
BRDA:69,0,1,0
BRDA:69,0,2,0
BRF:3
BRH:0
end_of_record
TN:
SF:models\User.js
FN:39,(anonymous_0)
FN:43,(anonymous_1)
FN:47,(anonymous_2)
FN:52,(anonymous_3)
FNF:4
FNH:0
FNDA:0,(anonymous_0)
FNDA:0,(anonymous_1)
FNDA:0,(anonymous_2)
FNDA:0,(anonymous_3)
DA:1,0
DA:3,0
DA:39,0
DA:40,0
DA:43,0
DA:44,0
DA:47,0
DA:48,0
DA:52,0
DA:53,0
DA:63,0
LF:11
LH:0
BRF:0
BRH:0
end_of_record
TN:
SF:models\Vehicle.js
FN:96,(anonymous_0)
FNF:1
FNH:0
FNDA:0,(anonymous_0)
DA:1,0
DA:3,0
DA:89,0
DA:90,0
DA:91,0
DA:92,0
DA:93,0
DA:96,0
DA:97,0
DA:100,0
LF:10
LH:0
BRF:0
BRH:0
end_of_record
TN:
SF:routes\auth.js
FN:30,(anonymous_0)
FNF:1
FNH:0
FNDA:0,(anonymous_0)
DA:1,0
DA:2,0
DA:30,0
DA:31,0
DA:32,0
DA:40,0
DA:50,0
LF:7
LH:0
BRDA:31,0,0,0
BRDA:31,0,1,0
BRF:2
BRH:0
end_of_record
TN:
SF:routes\properties.js
FNF:0
FNH:0
DA:1,0
DA:2,0
DA:9,0
DA:10,0
DA:11,0
DA:14,0
DA:103,0
DA:139,0
DA:271,0
DA:398,0
DA:441,0
DA:443,0
LF:12
LH:0
BRF:0
BRH:0
end_of_record
TN:
SF:routes\reservations.js
FNF:0
FNH:0
DA:1,0
DA:2,0
DA:9,0
DA:10,0
DA:13,0
DA:80,0
DA:118,0
DA:182,0
DA:240,0
DA:272,0
DA:274,0
LF:11
LH:0
BRF:0
BRH:0
end_of_record
TN:
SF:routes\users.js
FNF:0
FNH:0
DA:1,0
DA:2,0
DA:9,0
DA:14,0
DA:17,0
DA:64,0
DA:90,0
DA:131,0
DA:175,0
DA:201,0
DA:203,0
LF:11
LH:0
BRF:0
BRH:0
end_of_record
TN:
SF:routes\vehicles.js
FNF:0
FNH:0
DA:1,0
DA:2,0
DA:9,0
DA:10,0
DA:13,0
DA:83,0
DA:115,0
DA:194,0
DA:252,0
DA:284,0
DA:286,0
LF:11
LH:0
BRF:0
BRH:0
end_of_record
